
**** Build of configuration CPU1_RAM for project __md_cla_pid_cpu1 ****

/opt/ti/ccsv7/utils/bin/gmake -k -j 8 all -O 
Building file: ../md_cla_pid_cpu1.c
Invoking: C2000 Compiler
"/opt/ti/ccsv7/tools/compiler/ti-cgt-c2000_16.9.1.LTS/bin/cl2000" -v28 -ml -mt --cla_support=cla1 --float_support=fpu32 --tmu_support=tmu0 --vcu_support=vcu2 -Ooff --include_path="/opt/ti/controlSUITE/device_support/f2837xd/common/include" --include_path="/media/data/CODES/ccs7_theBeast/md_cla_pid_cpu1" --include_path="/opt/ti/controlSUITE/device_support/f2837xd/headers/include" --include_path="/media/data/CODES/ccs7_theBeast/md_cla_pid_cpu1/device" --include_path="/opt/ti/ccsv7/tools/compiler/ti-cgt-c2000_16.9.1.LTS/include" --define=DEBUG --define=CPU1 --diag_suppress=10063 --diag_warning=225 --diag_wrap=off --display_error_number --preproc_with_compile --preproc_dependency="md_cla_pid_cpu1.d"  "../md_cla_pid_cpu1.c"

>> Compilation failure
subdir_rules.mk:7: recipe for target 'md_cla_pid_cpu1.obj' failed
"/opt/ti/controlSUITE/device_support/f2837xd/common/include/driverlib.h", line 45: fatal error #1965: cannot open source file "inc/hw_memmap.h"
1 catastrophic error detected in the compilation of "../md_cla_pid_cpu1.c".
Compilation terminated.
gmake: *** [md_cla_pid_cpu1.obj] Error 1
Building file: ../device/device.c
Invoking: C2000 Compiler
"/opt/ti/ccsv7/tools/compiler/ti-cgt-c2000_16.9.1.LTS/bin/cl2000" -v28 -ml -mt --cla_support=cla1 --float_support=fpu32 --tmu_support=tmu0 --vcu_support=vcu2 -Ooff --include_path="/opt/ti/controlSUITE/device_support/f2837xd/common/include" --include_path="/media/data/CODES/ccs7_theBeast/md_cla_pid_cpu1" --include_path="/opt/ti/controlSUITE/device_support/f2837xd/headers/include" --include_path="/media/data/CODES/ccs7_theBeast/md_cla_pid_cpu1/device" --include_path="/opt/ti/ccsv7/tools/compiler/ti-cgt-c2000_16.9.1.LTS/include" --define=DEBUG --define=CPU1 --diag_suppress=10063 --diag_warning=225 --diag_wrap=off --display_error_number --preproc_with_compile --preproc_dependency="device/device.d" --obj_directory="device"  "../device/device.c"

>> Compilation failure
device/subdir_rules.mk:7: recipe for target 'device/device.obj' failed
"../device/driverlib.h", line 45: fatal error #1965: cannot open source file "inc/hw_memmap.h"
1 catastrophic error detected in the compilation of "../device/device.c".
Compilation terminated.
gmake: *** [device/device.obj] Error 1
Building file: ../bsp/F2837xD_CpuTimers.c
Invoking: C2000 Compiler
"/opt/ti/ccsv7/tools/compiler/ti-cgt-c2000_16.9.1.LTS/bin/cl2000" -v28 -ml -mt --cla_support=cla1 --float_support=fpu32 --tmu_support=tmu0 --vcu_support=vcu2 -Ooff --include_path="/opt/ti/controlSUITE/device_support/f2837xd/common/include" --include_path="/media/data/CODES/ccs7_theBeast/md_cla_pid_cpu1" --include_path="/opt/ti/controlSUITE/device_support/f2837xd/headers/include" --include_path="/media/data/CODES/ccs7_theBeast/md_cla_pid_cpu1/device" --include_path="/opt/ti/ccsv7/tools/compiler/ti-cgt-c2000_16.9.1.LTS/include" --define=DEBUG --define=CPU1 --diag_suppress=10063 --diag_warning=225 --diag_wrap=off --display_error_number --preproc_with_compile --preproc_dependency="bsp/F2837xD_CpuTimers.d" --obj_directory="bsp"  "../bsp/F2837xD_CpuTimers.c"
Finished building: ../bsp/F2837xD_CpuTimers.c
 
Building file: ../bsp/F2837xD_PieVect.c
Invoking: C2000 Compiler
"/opt/ti/ccsv7/tools/compiler/ti-cgt-c2000_16.9.1.LTS/bin/cl2000" -v28 -ml -mt --cla_support=cla1 --float_support=fpu32 --tmu_support=tmu0 --vcu_support=vcu2 -Ooff --include_path="/opt/ti/controlSUITE/device_support/f2837xd/common/include" --include_path="/media/data/CODES/ccs7_theBeast/md_cla_pid_cpu1" --include_path="/opt/ti/controlSUITE/device_support/f2837xd/headers/include" --include_path="/media/data/CODES/ccs7_theBeast/md_cla_pid_cpu1/device" --include_path="/opt/ti/ccsv7/tools/compiler/ti-cgt-c2000_16.9.1.LTS/include" --define=DEBUG --define=CPU1 --diag_suppress=10063 --diag_warning=225 --diag_wrap=off --display_error_number --preproc_with_compile --preproc_dependency="bsp/F2837xD_PieVect.d" --obj_directory="bsp"  "../bsp/F2837xD_PieVect.c"
Finished building: ../bsp/F2837xD_PieVect.c
 
Building file: ../device/driverlib/adc.c
Invoking: C2000 Compiler
"/opt/ti/ccsv7/tools/compiler/ti-cgt-c2000_16.9.1.LTS/bin/cl2000" -v28 -ml -mt --cla_support=cla1 --float_support=fpu32 --tmu_support=tmu0 --vcu_support=vcu2 -Ooff --include_path="/opt/ti/controlSUITE/device_support/f2837xd/common/include" --include_path="/media/data/CODES/ccs7_theBeast/md_cla_pid_cpu1" --include_path="/opt/ti/controlSUITE/device_support/f2837xd/headers/include" --include_path="/media/data/CODES/ccs7_theBeast/md_cla_pid_cpu1/device" --include_path="/opt/ti/ccsv7/tools/compiler/ti-cgt-c2000_16.9.1.LTS/include" --define=DEBUG --define=CPU1 --diag_suppress=10063 --diag_warning=225 --diag_wrap=off --display_error_number --preproc_with_compile --preproc_dependency="device/driverlib/adc.d" --obj_directory="device/driverlib"  "../device/driverlib/adc.c"
Finished building: ../device/driverlib/adc.c
 
Building file: ../bsp/F2837xD_Adc.c
Invoking: C2000 Compiler
"/opt/ti/ccsv7/tools/compiler/ti-cgt-c2000_16.9.1.LTS/bin/cl2000" -v28 -ml -mt --cla_support=cla1 --float_support=fpu32 --tmu_support=tmu0 --vcu_support=vcu2 -Ooff --include_path="/opt/ti/controlSUITE/device_support/f2837xd/common/include" --include_path="/media/data/CODES/ccs7_theBeast/md_cla_pid_cpu1" --include_path="/opt/ti/controlSUITE/device_support/f2837xd/headers/include" --include_path="/media/data/CODES/ccs7_theBeast/md_cla_pid_cpu1/device" --include_path="/opt/ti/ccsv7/tools/compiler/ti-cgt-c2000_16.9.1.LTS/include" --define=DEBUG --define=CPU1 --diag_suppress=10063 --diag_warning=225 --diag_wrap=off --display_error_number --preproc_with_compile --preproc_dependency="bsp/F2837xD_Adc.d" --obj_directory="bsp"  "../bsp/F2837xD_Adc.c"
Finished building: ../bsp/F2837xD_Adc.c
 
Building file: ../bsp/F2837xD_struct.c
Invoking: C2000 Compiler
"/opt/ti/ccsv7/tools/compiler/ti-cgt-c2000_16.9.1.LTS/bin/cl2000" -v28 -ml -mt --cla_support=cla1 --float_support=fpu32 --tmu_support=tmu0 --vcu_support=vcu2 -Ooff --include_path="/opt/ti/controlSUITE/device_support/f2837xd/common/include" --include_path="/media/data/CODES/ccs7_theBeast/md_cla_pid_cpu1" --include_path="/opt/ti/controlSUITE/device_support/f2837xd/headers/include" --include_path="/media/data/CODES/ccs7_theBeast/md_cla_pid_cpu1/device" --include_path="/opt/ti/ccsv7/tools/compiler/ti-cgt-c2000_16.9.1.LTS/include" --define=DEBUG --define=CPU1 --diag_suppress=10063 --diag_warning=225 --diag_wrap=off --display_error_number --preproc_with_compile --preproc_dependency="bsp/F2837xD_struct.d" --obj_directory="bsp"  "../bsp/F2837xD_struct.c"
Finished building: ../bsp/F2837xD_struct.c
 
Building file: ../bsp/F2837xD_EPwm.c
Invoking: C2000 Compiler
"/opt/ti/ccsv7/tools/compiler/ti-cgt-c2000_16.9.1.LTS/bin/cl2000" -v28 -ml -mt --cla_support=cla1 --float_support=fpu32 --tmu_support=tmu0 --vcu_support=vcu2 -Ooff --include_path="/opt/ti/controlSUITE/device_support/f2837xd/common/include" --include_path="/media/data/CODES/ccs7_theBeast/md_cla_pid_cpu1" --include_path="/opt/ti/controlSUITE/device_support/f2837xd/headers/include" --include_path="/media/data/CODES/ccs7_theBeast/md_cla_pid_cpu1/device" --include_path="/opt/ti/ccsv7/tools/compiler/ti-cgt-c2000_16.9.1.LTS/include" --define=DEBUG --define=CPU1 --diag_suppress=10063 --diag_warning=225 --diag_wrap=off --display_error_number --preproc_with_compile --preproc_dependency="bsp/F2837xD_EPwm.d" --obj_directory="bsp"  "../bsp/F2837xD_EPwm.c"
Finished building: ../bsp/F2837xD_EPwm.c
 
Building file: ../bsp/F2837xD_SysCtrl.c
Invoking: C2000 Compiler
"/opt/ti/ccsv7/tools/compiler/ti-cgt-c2000_16.9.1.LTS/bin/cl2000" -v28 -ml -mt --cla_support=cla1 --float_support=fpu32 --tmu_support=tmu0 --vcu_support=vcu2 -Ooff --include_path="/opt/ti/controlSUITE/device_support/f2837xd/common/include" --include_path="/media/data/CODES/ccs7_theBeast/md_cla_pid_cpu1" --include_path="/opt/ti/controlSUITE/device_support/f2837xd/headers/include" --include_path="/media/data/CODES/ccs7_theBeast/md_cla_pid_cpu1/device" --include_path="/opt/ti/ccsv7/tools/compiler/ti-cgt-c2000_16.9.1.LTS/include" --define=DEBUG --define=CPU1 --diag_suppress=10063 --diag_warning=225 --diag_wrap=off --display_error_number --preproc_with_compile --preproc_dependency="bsp/F2837xD_SysCtrl.d" --obj_directory="bsp"  "../bsp/F2837xD_SysCtrl.c"
Finished building: ../bsp/F2837xD_SysCtrl.c
 
Building file: ../bsp/F2837xD_Gpio.c
Invoking: C2000 Compiler
"/opt/ti/ccsv7/tools/compiler/ti-cgt-c2000_16.9.1.LTS/bin/cl2000" -v28 -ml -mt --cla_support=cla1 --float_support=fpu32 --tmu_support=tmu0 --vcu_support=vcu2 -Ooff --include_path="/opt/ti/controlSUITE/device_support/f2837xd/common/include" --include_path="/media/data/CODES/ccs7_theBeast/md_cla_pid_cpu1" --include_path="/opt/ti/controlSUITE/device_support/f2837xd/headers/include" --include_path="/media/data/CODES/ccs7_theBeast/md_cla_pid_cpu1/device" --include_path="/opt/ti/ccsv7/tools/compiler/ti-cgt-c2000_16.9.1.LTS/include" --define=DEBUG --define=CPU1 --diag_suppress=10063 --diag_warning=225 --diag_wrap=off --display_error_number --preproc_with_compile --preproc_dependency="bsp/F2837xD_Gpio.d" --obj_directory="bsp"  "../bsp/F2837xD_Gpio.c"
Finished building: ../bsp/F2837xD_Gpio.c
 
gmake: Target 'all' not remade because of errors.

**** Build Finished ****
