
**** Build of configuration Debug for project _A_dlib_bitfield_dcl ****

/opt/ti/ccsv7/utils/bin/gmake -k -j 8 all -O 
Building file: ../bsp/F2837xD_CodeStartBranch.asm
Invoking: C2000 Compiler
"/opt/ti/ccsv7/tools/compiler/ti-cgt-c2000_17.3.0.STS/bin/cl2000" -v28 -ml -mt --cla_support=cla1 --float_support=fpu32 --tmu_support=tmu0 --vcu_support=vcu2 -O2 --opt_for_speed=0 --fp_mode=relaxed --include_path="/opt/ti/ccsv7/tools/compiler/ti-cgt-c2000_17.3.0.STS/include" --include_path="/media/data/CODES/ccs7_theBeast/_A_dlib_bitfield_dcl/device" --include_path="/media/data/CODES/ccs7_theBeast/_A_dlib_bitfield_dcl/inc" --include_path="/media/data/CODES/ccs7_theBeast/_A_dlib_bitfield_dcl" --include_path="/opt/ti/c2000ware/driverlib/f2837xd/driverlib" --include_path="/opt/ti/c2000ware/device_support/f2837xd/headers/include" --include_path="/opt/ti/c2000ware/device_support/f2837xd/common/include" --include_path="/opt/ti/c2000ware/libraries/control/DCL/c28/include" --advice:performance=all --define=CPU1 -g --c99 --diag_warning=225 --diag_wrap=off --display_error_number --preproc_with_compile --preproc_dependency="bsp/F2837xD_CodeStartBranch.d" --obj_directory="bsp"  "../bsp/F2837xD_CodeStartBranch.asm"
Finished building: ../bsp/F2837xD_CodeStartBranch.asm
 
Building file: ../bsp/F2837xD_CpuTimers.c
Invoking: C2000 Compiler
"/opt/ti/ccsv7/tools/compiler/ti-cgt-c2000_17.3.0.STS/bin/cl2000" -v28 -ml -mt --cla_support=cla1 --float_support=fpu32 --tmu_support=tmu0 --vcu_support=vcu2 -O2 --opt_for_speed=0 --fp_mode=relaxed --include_path="/opt/ti/ccsv7/tools/compiler/ti-cgt-c2000_17.3.0.STS/include" --include_path="/media/data/CODES/ccs7_theBeast/_A_dlib_bitfield_dcl/device" --include_path="/media/data/CODES/ccs7_theBeast/_A_dlib_bitfield_dcl/inc" --include_path="/media/data/CODES/ccs7_theBeast/_A_dlib_bitfield_dcl" --include_path="/opt/ti/c2000ware/driverlib/f2837xd/driverlib" --include_path="/opt/ti/c2000ware/device_support/f2837xd/headers/include" --include_path="/opt/ti/c2000ware/device_support/f2837xd/common/include" --include_path="/opt/ti/c2000ware/libraries/control/DCL/c28/include" --advice:performance=all --define=CPU1 -g --c99 --diag_warning=225 --diag_wrap=off --display_error_number --preproc_with_compile --preproc_dependency="bsp/F2837xD_CpuTimers.d" --obj_directory="bsp"  "../bsp/F2837xD_CpuTimers.c"
Finished building: ../bsp/F2837xD_CpuTimers.c
 
Building file: ../bsp/F2837xD_PieCtrl.c
Invoking: C2000 Compiler
"/opt/ti/ccsv7/tools/compiler/ti-cgt-c2000_17.3.0.STS/bin/cl2000" -v28 -ml -mt --cla_support=cla1 --float_support=fpu32 --tmu_support=tmu0 --vcu_support=vcu2 -O2 --opt_for_speed=0 --fp_mode=relaxed --include_path="/opt/ti/ccsv7/tools/compiler/ti-cgt-c2000_17.3.0.STS/include" --include_path="/media/data/CODES/ccs7_theBeast/_A_dlib_bitfield_dcl/device" --include_path="/media/data/CODES/ccs7_theBeast/_A_dlib_bitfield_dcl/inc" --include_path="/media/data/CODES/ccs7_theBeast/_A_dlib_bitfield_dcl" --include_path="/opt/ti/c2000ware/driverlib/f2837xd/driverlib" --include_path="/opt/ti/c2000ware/device_support/f2837xd/headers/include" --include_path="/opt/ti/c2000ware/device_support/f2837xd/common/include" --include_path="/opt/ti/c2000ware/libraries/control/DCL/c28/include" --advice:performance=all --define=CPU1 -g --c99 --diag_warning=225 --diag_wrap=off --display_error_number --preproc_with_compile --preproc_dependency="bsp/F2837xD_PieCtrl.d" --obj_directory="bsp"  "../bsp/F2837xD_PieCtrl.c"
Finished building: ../bsp/F2837xD_PieCtrl.c
 
Building file: ../bsp/F2837xD_Adc.c
Invoking: C2000 Compiler
"/opt/ti/ccsv7/tools/compiler/ti-cgt-c2000_17.3.0.STS/bin/cl2000" -v28 -ml -mt --cla_support=cla1 --float_support=fpu32 --tmu_support=tmu0 --vcu_support=vcu2 -O2 --opt_for_speed=0 --fp_mode=relaxed --include_path="/opt/ti/ccsv7/tools/compiler/ti-cgt-c2000_17.3.0.STS/include" --include_path="/media/data/CODES/ccs7_theBeast/_A_dlib_bitfield_dcl/device" --include_path="/media/data/CODES/ccs7_theBeast/_A_dlib_bitfield_dcl/inc" --include_path="/media/data/CODES/ccs7_theBeast/_A_dlib_bitfield_dcl" --include_path="/opt/ti/c2000ware/driverlib/f2837xd/driverlib" --include_path="/opt/ti/c2000ware/device_support/f2837xd/headers/include" --include_path="/opt/ti/c2000ware/device_support/f2837xd/common/include" --include_path="/opt/ti/c2000ware/libraries/control/DCL/c28/include" --advice:performance=all --define=CPU1 -g --c99 --diag_warning=225 --diag_wrap=off --display_error_number --preproc_with_compile --preproc_dependency="bsp/F2837xD_Adc.d" --obj_directory="bsp"  "../bsp/F2837xD_Adc.c"
Finished building: ../bsp/F2837xD_Adc.c
 
Building file: ../bsp/F2837xD_usDelay.asm
Invoking: C2000 Compiler
"/opt/ti/ccsv7/tools/compiler/ti-cgt-c2000_17.3.0.STS/bin/cl2000" -v28 -ml -mt --cla_support=cla1 --float_support=fpu32 --tmu_support=tmu0 --vcu_support=vcu2 -O2 --opt_for_speed=0 --fp_mode=relaxed --include_path="/opt/ti/ccsv7/tools/compiler/ti-cgt-c2000_17.3.0.STS/include" --include_path="/media/data/CODES/ccs7_theBeast/_A_dlib_bitfield_dcl/device" --include_path="/media/data/CODES/ccs7_theBeast/_A_dlib_bitfield_dcl/inc" --include_path="/media/data/CODES/ccs7_theBeast/_A_dlib_bitfield_dcl" --include_path="/opt/ti/c2000ware/driverlib/f2837xd/driverlib" --include_path="/opt/ti/c2000ware/device_support/f2837xd/headers/include" --include_path="/opt/ti/c2000ware/device_support/f2837xd/common/include" --include_path="/opt/ti/c2000ware/libraries/control/DCL/c28/include" --advice:performance=all --define=CPU1 -g --c99 --diag_warning=225 --diag_wrap=off --display_error_number --preproc_with_compile --preproc_dependency="bsp/F2837xD_usDelay.d" --obj_directory="bsp"  "../bsp/F2837xD_usDelay.asm"
Finished building: ../bsp/F2837xD_usDelay.asm
 
Building file: ../bsp/F2837xD_DefaultISR.c
Invoking: C2000 Compiler
"/opt/ti/ccsv7/tools/compiler/ti-cgt-c2000_17.3.0.STS/bin/cl2000" -v28 -ml -mt --cla_support=cla1 --float_support=fpu32 --tmu_support=tmu0 --vcu_support=vcu2 -O2 --opt_for_speed=0 --fp_mode=relaxed --include_path="/opt/ti/ccsv7/tools/compiler/ti-cgt-c2000_17.3.0.STS/include" --include_path="/media/data/CODES/ccs7_theBeast/_A_dlib_bitfield_dcl/device" --include_path="/media/data/CODES/ccs7_theBeast/_A_dlib_bitfield_dcl/inc" --include_path="/media/data/CODES/ccs7_theBeast/_A_dlib_bitfield_dcl" --include_path="/opt/ti/c2000ware/driverlib/f2837xd/driverlib" --include_path="/opt/ti/c2000ware/device_support/f2837xd/headers/include" --include_path="/opt/ti/c2000ware/device_support/f2837xd/common/include" --include_path="/opt/ti/c2000ware/libraries/control/DCL/c28/include" --advice:performance=all --define=CPU1 -g --c99 --diag_warning=225 --diag_wrap=off --display_error_number --preproc_with_compile --preproc_dependency="bsp/F2837xD_DefaultISR.d" --obj_directory="bsp"  "../bsp/F2837xD_DefaultISR.c"
Finished building: ../bsp/F2837xD_DefaultISR.c
 
Building file: ../bsp/F2837xD_PieVect.c
Invoking: C2000 Compiler
"/opt/ti/ccsv7/tools/compiler/ti-cgt-c2000_17.3.0.STS/bin/cl2000" -v28 -ml -mt --cla_support=cla1 --float_support=fpu32 --tmu_support=tmu0 --vcu_support=vcu2 -O2 --opt_for_speed=0 --fp_mode=relaxed --include_path="/opt/ti/ccsv7/tools/compiler/ti-cgt-c2000_17.3.0.STS/include" --include_path="/media/data/CODES/ccs7_theBeast/_A_dlib_bitfield_dcl/device" --include_path="/media/data/CODES/ccs7_theBeast/_A_dlib_bitfield_dcl/inc" --include_path="/media/data/CODES/ccs7_theBeast/_A_dlib_bitfield_dcl" --include_path="/opt/ti/c2000ware/driverlib/f2837xd/driverlib" --include_path="/opt/ti/c2000ware/device_support/f2837xd/headers/include" --include_path="/opt/ti/c2000ware/device_support/f2837xd/common/include" --include_path="/opt/ti/c2000ware/libraries/control/DCL/c28/include" --advice:performance=all --define=CPU1 -g --c99 --diag_warning=225 --diag_wrap=off --display_error_number --preproc_with_compile --preproc_dependency="bsp/F2837xD_PieVect.d" --obj_directory="bsp"  "../bsp/F2837xD_PieVect.c"
Finished building: ../bsp/F2837xD_PieVect.c
 
Building file: ../src/DCL_PID_C4.asm
Invoking: C2000 Compiler
"/opt/ti/ccsv7/tools/compiler/ti-cgt-c2000_17.3.0.STS/bin/cl2000" -v28 -ml -mt --cla_support=cla1 --float_support=fpu32 --tmu_support=tmu0 --vcu_support=vcu2 -O2 --opt_for_speed=0 --fp_mode=relaxed --include_path="/opt/ti/ccsv7/tools/compiler/ti-cgt-c2000_17.3.0.STS/include" --include_path="/media/data/CODES/ccs7_theBeast/_A_dlib_bitfield_dcl/device" --include_path="/media/data/CODES/ccs7_theBeast/_A_dlib_bitfield_dcl/inc" --include_path="/media/data/CODES/ccs7_theBeast/_A_dlib_bitfield_dcl" --include_path="/opt/ti/c2000ware/driverlib/f2837xd/driverlib" --include_path="/opt/ti/c2000ware/device_support/f2837xd/headers/include" --include_path="/opt/ti/c2000ware/device_support/f2837xd/common/include" --include_path="/opt/ti/c2000ware/libraries/control/DCL/c28/include" --advice:performance=all --define=CPU1 -g --c99 --diag_warning=225 --diag_wrap=off --display_error_number --preproc_with_compile --preproc_dependency="src/DCL_PID_C4.d" --obj_directory="src"  "../src/DCL_PID_C4.asm"
Finished building: ../src/DCL_PID_C4.asm
 
Building file: ../src/DCL_clamp_C1.asm
Invoking: C2000 Compiler
"/opt/ti/ccsv7/tools/compiler/ti-cgt-c2000_17.3.0.STS/bin/cl2000" -v28 -ml -mt --cla_support=cla1 --float_support=fpu32 --tmu_support=tmu0 --vcu_support=vcu2 -O2 --opt_for_speed=0 --fp_mode=relaxed --include_path="/opt/ti/ccsv7/tools/compiler/ti-cgt-c2000_17.3.0.STS/include" --include_path="/media/data/CODES/ccs7_theBeast/_A_dlib_bitfield_dcl/device" --include_path="/media/data/CODES/ccs7_theBeast/_A_dlib_bitfield_dcl/inc" --include_path="/media/data/CODES/ccs7_theBeast/_A_dlib_bitfield_dcl" --include_path="/opt/ti/c2000ware/driverlib/f2837xd/driverlib" --include_path="/opt/ti/c2000ware/device_support/f2837xd/headers/include" --include_path="/opt/ti/c2000ware/device_support/f2837xd/common/include" --include_path="/opt/ti/c2000ware/libraries/control/DCL/c28/include" --advice:performance=all --define=CPU1 -g --c99 --diag_warning=225 --diag_wrap=off --display_error_number --preproc_with_compile --preproc_dependency="src/DCL_clamp_C1.d" --obj_directory="src"  "../src/DCL_clamp_C1.asm"
Finished building: ../src/DCL_clamp_C1.asm
 
Building file: ../bsp/F2837xD_EPwm.c
Invoking: C2000 Compiler
"/opt/ti/ccsv7/tools/compiler/ti-cgt-c2000_17.3.0.STS/bin/cl2000" -v28 -ml -mt --cla_support=cla1 --float_support=fpu32 --tmu_support=tmu0 --vcu_support=vcu2 -O2 --opt_for_speed=0 --fp_mode=relaxed --include_path="/opt/ti/ccsv7/tools/compiler/ti-cgt-c2000_17.3.0.STS/include" --include_path="/media/data/CODES/ccs7_theBeast/_A_dlib_bitfield_dcl/device" --include_path="/media/data/CODES/ccs7_theBeast/_A_dlib_bitfield_dcl/inc" --include_path="/media/data/CODES/ccs7_theBeast/_A_dlib_bitfield_dcl" --include_path="/opt/ti/c2000ware/driverlib/f2837xd/driverlib" --include_path="/opt/ti/c2000ware/device_support/f2837xd/headers/include" --include_path="/opt/ti/c2000ware/device_support/f2837xd/common/include" --include_path="/opt/ti/c2000ware/libraries/control/DCL/c28/include" --advice:performance=all --define=CPU1 -g --c99 --diag_warning=225 --diag_wrap=off --display_error_number --preproc_with_compile --preproc_dependency="bsp/F2837xD_EPwm.d" --obj_directory="bsp"  "../bsp/F2837xD_EPwm.c"
Finished building: ../bsp/F2837xD_EPwm.c
 
Building file: ../inc/md_gpio.c
Invoking: C2000 Compiler
"/opt/ti/ccsv7/tools/compiler/ti-cgt-c2000_17.3.0.STS/bin/cl2000" -v28 -ml -mt --cla_support=cla1 --float_support=fpu32 --tmu_support=tmu0 --vcu_support=vcu2 -O2 --opt_for_speed=0 --fp_mode=relaxed --include_path="/opt/ti/ccsv7/tools/compiler/ti-cgt-c2000_17.3.0.STS/include" --include_path="/media/data/CODES/ccs7_theBeast/_A_dlib_bitfield_dcl/device" --include_path="/media/data/CODES/ccs7_theBeast/_A_dlib_bitfield_dcl/inc" --include_path="/media/data/CODES/ccs7_theBeast/_A_dlib_bitfield_dcl" --include_path="/opt/ti/c2000ware/driverlib/f2837xd/driverlib" --include_path="/opt/ti/c2000ware/device_support/f2837xd/headers/include" --include_path="/opt/ti/c2000ware/device_support/f2837xd/common/include" --include_path="/opt/ti/c2000ware/libraries/control/DCL/c28/include" --advice:performance=all --define=CPU1 -g --c99 --diag_warning=225 --diag_wrap=off --display_error_number --preproc_with_compile --preproc_dependency="inc/md_gpio.d" --obj_directory="inc"  "../inc/md_gpio.c"
Finished building: ../inc/md_gpio.c
 
Building file: ../device/device.c
Invoking: C2000 Compiler
"/opt/ti/ccsv7/tools/compiler/ti-cgt-c2000_17.3.0.STS/bin/cl2000" -v28 -ml -mt --cla_support=cla1 --float_support=fpu32 --tmu_support=tmu0 --vcu_support=vcu2 -O2 --opt_for_speed=0 --fp_mode=relaxed --include_path="/opt/ti/ccsv7/tools/compiler/ti-cgt-c2000_17.3.0.STS/include" --include_path="/media/data/CODES/ccs7_theBeast/_A_dlib_bitfield_dcl/device" --include_path="/media/data/CODES/ccs7_theBeast/_A_dlib_bitfield_dcl/inc" --include_path="/media/data/CODES/ccs7_theBeast/_A_dlib_bitfield_dcl" --include_path="/opt/ti/c2000ware/driverlib/f2837xd/driverlib" --include_path="/opt/ti/c2000ware/device_support/f2837xd/headers/include" --include_path="/opt/ti/c2000ware/device_support/f2837xd/common/include" --include_path="/opt/ti/c2000ware/libraries/control/DCL/c28/include" --advice:performance=all --define=CPU1 -g --c99 --diag_warning=225 --diag_wrap=off --display_error_number --preproc_with_compile --preproc_dependency="device/device.d" --obj_directory="device"  "../device/device.c"
Finished building: ../device/device.c
 
Building file: ../bsp/F2837xD_Gpio.c
Invoking: C2000 Compiler
"/opt/ti/ccsv7/tools/compiler/ti-cgt-c2000_17.3.0.STS/bin/cl2000" -v28 -ml -mt --cla_support=cla1 --float_support=fpu32 --tmu_support=tmu0 --vcu_support=vcu2 -O2 --opt_for_speed=0 --fp_mode=relaxed --include_path="/opt/ti/ccsv7/tools/compiler/ti-cgt-c2000_17.3.0.STS/include" --include_path="/media/data/CODES/ccs7_theBeast/_A_dlib_bitfield_dcl/device" --include_path="/media/data/CODES/ccs7_theBeast/_A_dlib_bitfield_dcl/inc" --include_path="/media/data/CODES/ccs7_theBeast/_A_dlib_bitfield_dcl" --include_path="/opt/ti/c2000ware/driverlib/f2837xd/driverlib" --include_path="/opt/ti/c2000ware/device_support/f2837xd/headers/include" --include_path="/opt/ti/c2000ware/device_support/f2837xd/common/include" --include_path="/opt/ti/c2000ware/libraries/control/DCL/c28/include" --advice:performance=all --define=CPU1 -g --c99 --diag_warning=225 --diag_wrap=off --display_error_number --preproc_with_compile --preproc_dependency="bsp/F2837xD_Gpio.d" --obj_directory="bsp"  "../bsp/F2837xD_Gpio.c"
Finished building: ../bsp/F2837xD_Gpio.c
 
Building file: ../dlib_bitfield_dcl.c
Invoking: C2000 Compiler
"/opt/ti/ccsv7/tools/compiler/ti-cgt-c2000_17.3.0.STS/bin/cl2000" -v28 -ml -mt --cla_support=cla1 --float_support=fpu32 --tmu_support=tmu0 --vcu_support=vcu2 -O2 --opt_for_speed=0 --fp_mode=relaxed --include_path="/opt/ti/ccsv7/tools/compiler/ti-cgt-c2000_17.3.0.STS/include" --include_path="/media/data/CODES/ccs7_theBeast/_A_dlib_bitfield_dcl/device" --include_path="/media/data/CODES/ccs7_theBeast/_A_dlib_bitfield_dcl/inc" --include_path="/media/data/CODES/ccs7_theBeast/_A_dlib_bitfield_dcl/bsp" --include_path="/opt/ti/c2000ware/driverlib/f2837xd/driverlib" --include_path="/opt/ti/c2000ware/device_support/f2837xd/headers/include" --include_path="/opt/ti/c2000ware/device_support/f2837xd/common/include" --include_path="/opt/ti/c2000ware/libraries/control/DCL/c28/include" --advice:performance=all --define=CPU1 -g --c99 --diag_warning=225 --diag_wrap=off --display_error_number --preproc_with_compile --preproc_dependency="dlib_bitfield_dcl.d"  "../dlib_bitfield_dcl.c"
Finished building: ../dlib_bitfield_dcl.c
 
Building file: ../bsp/F2837xD_SysCtrl.c
Invoking: C2000 Compiler
"/opt/ti/ccsv7/tools/compiler/ti-cgt-c2000_17.3.0.STS/bin/cl2000" -v28 -ml -mt --cla_support=cla1 --float_support=fpu32 --tmu_support=tmu0 --vcu_support=vcu2 -O2 --opt_for_speed=0 --fp_mode=relaxed --include_path="/opt/ti/ccsv7/tools/compiler/ti-cgt-c2000_17.3.0.STS/include" --include_path="/media/data/CODES/ccs7_theBeast/_A_dlib_bitfield_dcl/device" --include_path="/media/data/CODES/ccs7_theBeast/_A_dlib_bitfield_dcl/inc" --include_path="/media/data/CODES/ccs7_theBeast/_A_dlib_bitfield_dcl" --include_path="/opt/ti/c2000ware/driverlib/f2837xd/driverlib" --include_path="/opt/ti/c2000ware/device_support/f2837xd/headers/include" --include_path="/opt/ti/c2000ware/device_support/f2837xd/common/include" --include_path="/opt/ti/c2000ware/libraries/control/DCL/c28/include" --advice:performance=all --define=CPU1 -g --c99 --diag_warning=225 --diag_wrap=off --display_error_number --preproc_with_compile --preproc_dependency="bsp/F2837xD_SysCtrl.d" --obj_directory="bsp"  "../bsp/F2837xD_SysCtrl.c"
Finished building: ../bsp/F2837xD_SysCtrl.c
 
Building file: ../bsp/F2837xD_GlobalVariableDefs.c
Invoking: C2000 Compiler
"/opt/ti/ccsv7/tools/compiler/ti-cgt-c2000_17.3.0.STS/bin/cl2000" -v28 -ml -mt --cla_support=cla1 --float_support=fpu32 --tmu_support=tmu0 --vcu_support=vcu2 -O2 --opt_for_speed=0 --fp_mode=relaxed --include_path="/opt/ti/ccsv7/tools/compiler/ti-cgt-c2000_17.3.0.STS/include" --include_path="/media/data/CODES/ccs7_theBeast/_A_dlib_bitfield_dcl/device" --include_path="/media/data/CODES/ccs7_theBeast/_A_dlib_bitfield_dcl/inc" --include_path="/media/data/CODES/ccs7_theBeast/_A_dlib_bitfield_dcl" --include_path="/opt/ti/c2000ware/driverlib/f2837xd/driverlib" --include_path="/opt/ti/c2000ware/device_support/f2837xd/headers/include" --include_path="/opt/ti/c2000ware/device_support/f2837xd/common/include" --include_path="/opt/ti/c2000ware/libraries/control/DCL/c28/include" --advice:performance=all --define=CPU1 -g --c99 --diag_warning=225 --diag_wrap=off --display_error_number --preproc_with_compile --preproc_dependency="bsp/F2837xD_GlobalVariableDefs.d" --obj_directory="bsp"  "../bsp/F2837xD_GlobalVariableDefs.c"
Finished building: ../bsp/F2837xD_GlobalVariableDefs.c
 
Building target: _A_dlib_bitfield_dcl.out
Invoking: C2000 Linker
"/opt/ti/ccsv7/tools/compiler/ti-cgt-c2000_17.3.0.STS/bin/cl2000" -v28 -ml -mt --cla_support=cla1 --float_support=fpu32 --tmu_support=tmu0 --vcu_support=vcu2 -O2 --opt_for_speed=0 --fp_mode=relaxed --advice:performance=all --define=CPU1 -g --c99 --diag_warning=225 --diag_wrap=off --display_error_number -z -m"_A_dlib_bitfield_dcl.map" --heap_size=0x400 --stack_size=0x200 --warn_sections -i"/opt/ti/ccsv7/tools/compiler/ti-cgt-c2000_17.3.0.STS/lib" -i"/opt/ti/ccsv7/tools/compiler/ti-cgt-c2000_17.3.0.STS/include" --reread_libs --diag_wrap=off --display_error_number --xml_link_info="_A_dlib_bitfield_dcl_linkInfo.xml" --rom_model -o "_A_dlib_bitfield_dcl.out" "./dlib_bitfield_dcl.obj" "./bsp/F2837xD_Adc.obj" "./bsp/F2837xD_CodeStartBranch.obj" "./bsp/F2837xD_CpuTimers.obj" "./bsp/F2837xD_DefaultISR.obj" "./bsp/F2837xD_EPwm.obj" "./bsp/F2837xD_GlobalVariableDefs.obj" "./bsp/F2837xD_Gpio.obj" "./bsp/F2837xD_PieCtrl.obj" "./bsp/F2837xD_PieVect.obj" "./bsp/F2837xD_SysCtrl.obj" "./bsp/F2837xD_usDelay.obj" "./device/device.obj" "./inc/md_gpio.obj" "./src/DCL_PID_C4.obj" "./src/DCL_clamp_C1.obj" "../driverlib.lib" "../linker/2837xD_RAM_CLA_lnk_cpu1.cmd" "../linker/F2837xD_Headers_nonBIOS_cpu1.cmd"  -llibc.a 
<Linking>
Finished building target: _A_dlib_bitfield_dcl.out
 

**** Build Finished ****
