
**** Build of configuration CPU1_RAM for project _adc_soc_epwm_cpu01 ****

/opt/ti/ccsv7/utils/bin/gmake -k all 
Building file: /opt/ti/c2000ware/device_support/f2837xd/examples/cpu1/adc_soc_epwm/cpu01/adc_soc_epwm_cpu01.c
Invoking: C2000 Compiler
"/opt/ti/ccsv7/tools/compiler/ti-cgt-c2000_17.3.0.STS/bin/cl2000" -v28 -ml -mt --cla_support=cla1 --float_support=fpu32 --tmu_support=tmu0 --vcu_support=vcu2 --include_path="/opt/ti/ccsv7/tools/compiler/ti-cgt-c2000_17.3.0.STS/include" --include_path="/opt/ti/c2000ware/device_support/f2837xd/headers/include" --include_path="/opt/ti/c2000ware/device_support/f2837xd/common/include" --define=CPU1 -g --diag_suppress=1311 --diag_warning=225 --display_error_number --preproc_with_compile --preproc_dependency="adc_soc_epwm_cpu01.d"  "/opt/ti/c2000ware/device_support/f2837xd/examples/cpu1/adc_soc_epwm/cpu01/adc_soc_epwm_cpu01.c"
Finished building: /opt/ti/c2000ware/device_support/f2837xd/examples/cpu1/adc_soc_epwm/cpu01/adc_soc_epwm_cpu01.c
 
Building file: /opt/ti/c2000ware/device_support/f2837xd/common/source/F2837xD_Adc.c
Invoking: C2000 Compiler
"/opt/ti/ccsv7/tools/compiler/ti-cgt-c2000_17.3.0.STS/bin/cl2000" -v28 -ml -mt --cla_support=cla1 --float_support=fpu32 --tmu_support=tmu0 --vcu_support=vcu2 --include_path="/opt/ti/ccsv7/tools/compiler/ti-cgt-c2000_17.3.0.STS/include" --include_path="/opt/ti/c2000ware/device_support/f2837xd/headers/include" --include_path="/opt/ti/c2000ware/device_support/f2837xd/common/include" --define=CPU1 -g --diag_suppress=1311 --diag_warning=225 --display_error_number --preproc_with_compile --preproc_dependency="bsp/F2837xD_Adc.d" --obj_directory="bsp"  "/opt/ti/c2000ware/device_support/f2837xd/common/source/F2837xD_Adc.c"
Finished building: /opt/ti/c2000ware/device_support/f2837xd/common/source/F2837xD_Adc.c
 
Building file: /opt/ti/c2000ware/device_support/f2837xd/common/source/F2837xD_CodeStartBranch.asm
Invoking: C2000 Compiler
"/opt/ti/ccsv7/tools/compiler/ti-cgt-c2000_17.3.0.STS/bin/cl2000" -v28 -ml -mt --cla_support=cla1 --float_support=fpu32 --tmu_support=tmu0 --vcu_support=vcu2 --include_path="/opt/ti/ccsv7/tools/compiler/ti-cgt-c2000_17.3.0.STS/include" --include_path="/opt/ti/c2000ware/device_support/f2837xd/headers/include" --include_path="/opt/ti/c2000ware/device_support/f2837xd/common/include" --define=CPU1 -g --diag_suppress=1311 --diag_warning=225 --display_error_number --preproc_with_compile --preproc_dependency="bsp/F2837xD_CodeStartBranch.d" --obj_directory="bsp"  "/opt/ti/c2000ware/device_support/f2837xd/common/source/F2837xD_CodeStartBranch.asm"
Finished building: /opt/ti/c2000ware/device_support/f2837xd/common/source/F2837xD_CodeStartBranch.asm
 
Building file: /opt/ti/c2000ware/device_support/f2837xd/common/source/F2837xD_DefaultISR.c
Invoking: C2000 Compiler
"/opt/ti/ccsv7/tools/compiler/ti-cgt-c2000_17.3.0.STS/bin/cl2000" -v28 -ml -mt --cla_support=cla1 --float_support=fpu32 --tmu_support=tmu0 --vcu_support=vcu2 --include_path="/opt/ti/ccsv7/tools/compiler/ti-cgt-c2000_17.3.0.STS/include" --include_path="/opt/ti/c2000ware/device_support/f2837xd/headers/include" --include_path="/opt/ti/c2000ware/device_support/f2837xd/common/include" --define=CPU1 -g --diag_suppress=1311 --diag_warning=225 --display_error_number --preproc_with_compile --preproc_dependency="bsp/F2837xD_DefaultISR.d" --obj_directory="bsp"  "/opt/ti/c2000ware/device_support/f2837xd/common/source/F2837xD_DefaultISR.c"
Finished building: /opt/ti/c2000ware/device_support/f2837xd/common/source/F2837xD_DefaultISR.c
 
Building file: /opt/ti/c2000ware/device_support/f2837xd/headers/source/F2837xD_GlobalVariableDefs.c
Invoking: C2000 Compiler
"/opt/ti/ccsv7/tools/compiler/ti-cgt-c2000_17.3.0.STS/bin/cl2000" -v28 -ml -mt --cla_support=cla1 --float_support=fpu32 --tmu_support=tmu0 --vcu_support=vcu2 --include_path="/opt/ti/ccsv7/tools/compiler/ti-cgt-c2000_17.3.0.STS/include" --include_path="/opt/ti/c2000ware/device_support/f2837xd/headers/include" --include_path="/opt/ti/c2000ware/device_support/f2837xd/common/include" --define=CPU1 -g --diag_suppress=1311 --diag_warning=225 --display_error_number --preproc_with_compile --preproc_dependency="bsp/F2837xD_GlobalVariableDefs.d" --obj_directory="bsp"  "/opt/ti/c2000ware/device_support/f2837xd/headers/source/F2837xD_GlobalVariableDefs.c"
Finished building: /opt/ti/c2000ware/device_support/f2837xd/headers/source/F2837xD_GlobalVariableDefs.c
 
Building file: /opt/ti/c2000ware/device_support/f2837xd/common/source/F2837xD_Gpio.c
Invoking: C2000 Compiler
"/opt/ti/ccsv7/tools/compiler/ti-cgt-c2000_17.3.0.STS/bin/cl2000" -v28 -ml -mt --cla_support=cla1 --float_support=fpu32 --tmu_support=tmu0 --vcu_support=vcu2 --include_path="/opt/ti/ccsv7/tools/compiler/ti-cgt-c2000_17.3.0.STS/include" --include_path="/opt/ti/c2000ware/device_support/f2837xd/headers/include" --include_path="/opt/ti/c2000ware/device_support/f2837xd/common/include" --define=CPU1 -g --diag_suppress=1311 --diag_warning=225 --display_error_number --preproc_with_compile --preproc_dependency="bsp/F2837xD_Gpio.d" --obj_directory="bsp"  "/opt/ti/c2000ware/device_support/f2837xd/common/source/F2837xD_Gpio.c"
Finished building: /opt/ti/c2000ware/device_support/f2837xd/common/source/F2837xD_Gpio.c
 
Building file: /opt/ti/c2000ware/device_support/f2837xd/common/source/F2837xD_Ipc.c
Invoking: C2000 Compiler
"/opt/ti/ccsv7/tools/compiler/ti-cgt-c2000_17.3.0.STS/bin/cl2000" -v28 -ml -mt --cla_support=cla1 --float_support=fpu32 --tmu_support=tmu0 --vcu_support=vcu2 --include_path="/opt/ti/ccsv7/tools/compiler/ti-cgt-c2000_17.3.0.STS/include" --include_path="/opt/ti/c2000ware/device_support/f2837xd/headers/include" --include_path="/opt/ti/c2000ware/device_support/f2837xd/common/include" --define=CPU1 -g --diag_suppress=1311 --diag_warning=225 --display_error_number --preproc_with_compile --preproc_dependency="bsp/F2837xD_Ipc.d" --obj_directory="bsp"  "/opt/ti/c2000ware/device_support/f2837xd/common/source/F2837xD_Ipc.c"
Finished building: /opt/ti/c2000ware/device_support/f2837xd/common/source/F2837xD_Ipc.c
 
Building file: /opt/ti/c2000ware/device_support/f2837xd/common/source/F2837xD_PieCtrl.c
Invoking: C2000 Compiler
"/opt/ti/ccsv7/tools/compiler/ti-cgt-c2000_17.3.0.STS/bin/cl2000" -v28 -ml -mt --cla_support=cla1 --float_support=fpu32 --tmu_support=tmu0 --vcu_support=vcu2 --include_path="/opt/ti/ccsv7/tools/compiler/ti-cgt-c2000_17.3.0.STS/include" --include_path="/opt/ti/c2000ware/device_support/f2837xd/headers/include" --include_path="/opt/ti/c2000ware/device_support/f2837xd/common/include" --define=CPU1 -g --diag_suppress=1311 --diag_warning=225 --display_error_number --preproc_with_compile --preproc_dependency="bsp/F2837xD_PieCtrl.d" --obj_directory="bsp"  "/opt/ti/c2000ware/device_support/f2837xd/common/source/F2837xD_PieCtrl.c"
Finished building: /opt/ti/c2000ware/device_support/f2837xd/common/source/F2837xD_PieCtrl.c
 
Building file: /opt/ti/c2000ware/device_support/f2837xd/common/source/F2837xD_PieVect.c
Invoking: C2000 Compiler
"/opt/ti/ccsv7/tools/compiler/ti-cgt-c2000_17.3.0.STS/bin/cl2000" -v28 -ml -mt --cla_support=cla1 --float_support=fpu32 --tmu_support=tmu0 --vcu_support=vcu2 --include_path="/opt/ti/ccsv7/tools/compiler/ti-cgt-c2000_17.3.0.STS/include" --include_path="/opt/ti/c2000ware/device_support/f2837xd/headers/include" --include_path="/opt/ti/c2000ware/device_support/f2837xd/common/include" --define=CPU1 -g --diag_suppress=1311 --diag_warning=225 --display_error_number --preproc_with_compile --preproc_dependency="bsp/F2837xD_PieVect.d" --obj_directory="bsp"  "/opt/ti/c2000ware/device_support/f2837xd/common/source/F2837xD_PieVect.c"
Finished building: /opt/ti/c2000ware/device_support/f2837xd/common/source/F2837xD_PieVect.c
 
Building file: /opt/ti/c2000ware/device_support/f2837xd/common/source/F2837xD_SysCtrl.c
Invoking: C2000 Compiler
"/opt/ti/ccsv7/tools/compiler/ti-cgt-c2000_17.3.0.STS/bin/cl2000" -v28 -ml -mt --cla_support=cla1 --float_support=fpu32 --tmu_support=tmu0 --vcu_support=vcu2 --include_path="/opt/ti/ccsv7/tools/compiler/ti-cgt-c2000_17.3.0.STS/include" --include_path="/opt/ti/c2000ware/device_support/f2837xd/headers/include" --include_path="/opt/ti/c2000ware/device_support/f2837xd/common/include" --define=CPU1 -g --diag_suppress=1311 --diag_warning=225 --display_error_number --preproc_with_compile --preproc_dependency="bsp/F2837xD_SysCtrl.d" --obj_directory="bsp"  "/opt/ti/c2000ware/device_support/f2837xd/common/source/F2837xD_SysCtrl.c"
Finished building: /opt/ti/c2000ware/device_support/f2837xd/common/source/F2837xD_SysCtrl.c
 
Building file: /opt/ti/c2000ware/device_support/f2837xd/common/source/F2837xD_usDelay.asm
Invoking: C2000 Compiler
"/opt/ti/ccsv7/tools/compiler/ti-cgt-c2000_17.3.0.STS/bin/cl2000" -v28 -ml -mt --cla_support=cla1 --float_support=fpu32 --tmu_support=tmu0 --vcu_support=vcu2 --include_path="/opt/ti/ccsv7/tools/compiler/ti-cgt-c2000_17.3.0.STS/include" --include_path="/opt/ti/c2000ware/device_support/f2837xd/headers/include" --include_path="/opt/ti/c2000ware/device_support/f2837xd/common/include" --define=CPU1 -g --diag_suppress=1311 --diag_warning=225 --display_error_number --preproc_with_compile --preproc_dependency="bsp/F2837xD_usDelay.d" --obj_directory="bsp"  "/opt/ti/c2000ware/device_support/f2837xd/common/source/F2837xD_usDelay.asm"
Finished building: /opt/ti/c2000ware/device_support/f2837xd/common/source/F2837xD_usDelay.asm
 
Building target: adc_soc_epwm_cpu01.out
Invoking: C2000 Linker
"/opt/ti/ccsv7/tools/compiler/ti-cgt-c2000_17.3.0.STS/bin/cl2000" -v28 -ml -mt --cla_support=cla1 --float_support=fpu32 --tmu_support=tmu0 --vcu_support=vcu2 --define=CPU1 -g --diag_suppress=1311 --diag_warning=225 --display_error_number -z -m"adc_soc_epwm_cpu01.map" --stack_size=0x100 --warn_sections -i"/opt/ti/ccsv7/tools/compiler/ti-cgt-c2000_17.3.0.STS/lib" -i"/opt/ti/ccsv7/tools/compiler/ti-cgt-c2000_17.3.0.STS/include" -i"/opt/ti/c2000ware/device_support/f2837xd/common/cmd" -i"/opt/ti/c2000ware/device_support/f2837xd/headers/cmd" --reread_libs --display_error_number --xml_link_info="adc_soc_epwm_cpu01_linkInfo.xml" --rom_model -o "adc_soc_epwm_cpu01.out" "./adc_soc_epwm_cpu01.obj" "./bsp/F2837xD_Adc.obj" "./bsp/F2837xD_CodeStartBranch.obj" "./bsp/F2837xD_DefaultISR.obj" "./bsp/F2837xD_GlobalVariableDefs.obj" "./bsp/F2837xD_Gpio.obj" "./bsp/F2837xD_Ipc.obj" "./bsp/F2837xD_PieCtrl.obj" "./bsp/F2837xD_PieVect.obj" "./bsp/F2837xD_SysCtrl.obj" "./bsp/F2837xD_usDelay.obj" "../linker/2837xD_RAM_lnk_cpu1.cmd" "../linker/F2837xD_Headers_nonBIOS_cpu1.cmd"  -lrts2800_fpu32.lib -llibc.a 
<Linking>
Finished building target: adc_soc_epwm_cpu01.out
 

**** Build Finished ****
