
**** Build of configuration Debug for project _B_dlib_bitfield_dcl ****

/opt/ti/ccsv7/utils/bin/gmake -k -j 8 all -O 
Building file: ../bsp/F2837xD_CodeStartBranch.asm
Invoking: C2000 Compiler
"/opt/ti/ccsv7/tools/compiler/ti-cgt-c2000_17.3.0.STS/bin/cl2000" -v28 -ml -mt --cla_support=cla1 --float_support=fpu32 --tmu_support=tmu0 --vcu_support=vcu2 -O2 --opt_for_speed=0 --fp_mode=relaxed --include_path="/opt/ti/ccsv7/tools/compiler/ti-cgt-c2000_17.3.0.STS/include" --include_path="/media/data/CODES/ccs7_theBeast/_B_dlib_bitfield_dcl/device" --include_path="/media/data/CODES/ccs7_theBeast/_B_dlib_bitfield_dcl/md_theBeast" --include_path="/media/data/CODES/ccs7_theBeast/_B_dlib_bitfield_dcl" --include_path="/opt/ti/c2000ware/driverlib/f2837xd/driverlib" --include_path="/opt/ti/c2000ware/device_support/f2837xd/headers/include" --include_path="/opt/ti/c2000ware/device_support/f2837xd/common/include" --include_path="/opt/ti/c2000ware/libraries/control/DCL/c28/include" --advice:performance=all --define=CPU1 -g --c99 --diag_warning=225 --diag_wrap=off --display_error_number --preproc_with_compile --preproc_dependency="bsp/F2837xD_CodeStartBranch.d" --obj_directory="bsp"  "../bsp/F2837xD_CodeStartBranch.asm"
Finished building: ../bsp/F2837xD_CodeStartBranch.asm
 
Building file: ../dlib_bitfield_dcl.c
Invoking: C2000 Compiler
"/opt/ti/ccsv7/tools/compiler/ti-cgt-c2000_17.3.0.STS/bin/cl2000" -v28 -ml -mt --cla_support=cla1 --float_support=fpu32 --tmu_support=tmu0 --vcu_support=vcu2 -O2 --opt_for_speed=0 --fp_mode=relaxed --include_path="/opt/ti/ccsv7/tools/compiler/ti-cgt-c2000_17.3.0.STS/include" --include_path="/media/data/CODES/ccs7_theBeast/_B_dlib_bitfield_dcl/device" --include_path="/media/data/CODES/ccs7_theBeast/_B_dlib_bitfield_dcl/inc" --include_path="/media/data/CODES/ccs7_theBeast/_B_dlib_bitfield_dcl/bsp" --include_path="/opt/ti/c2000ware/driverlib/f2837xd/driverlib" --include_path="/opt/ti/c2000ware/device_support/f2837xd/headers/include" --include_path="/opt/ti/c2000ware/device_support/f2837xd/common/include" --include_path="/opt/ti/c2000ware/libraries/control/DCL/c28/include" --advice:performance=all --define=CPU1 -g --c99 --diag_warning=225 --diag_wrap=off --display_error_number --preproc_with_compile --preproc_dependency="dlib_bitfield_dcl.d"  "../dlib_bitfield_dcl.c"

>> Compilation failure
subdir_rules.mk:7: recipe for target 'dlib_bitfield_dcl.obj' failed
"../dlib_bitfield_dcl.c", line 44: fatal error #1965: cannot open source file "md_globals.h"
1 catastrophic error detected in the compilation of "../dlib_bitfield_dcl.c".
Compilation terminated.
gmake: *** [dlib_bitfield_dcl.obj] Error 1
Building file: ../bsp/F2837xD_CpuTimers.c
Invoking: C2000 Compiler
"/opt/ti/ccsv7/tools/compiler/ti-cgt-c2000_17.3.0.STS/bin/cl2000" -v28 -ml -mt --cla_support=cla1 --float_support=fpu32 --tmu_support=tmu0 --vcu_support=vcu2 -O2 --opt_for_speed=0 --fp_mode=relaxed --include_path="/opt/ti/ccsv7/tools/compiler/ti-cgt-c2000_17.3.0.STS/include" --include_path="/media/data/CODES/ccs7_theBeast/_B_dlib_bitfield_dcl/device" --include_path="/media/data/CODES/ccs7_theBeast/_B_dlib_bitfield_dcl/md_theBeast" --include_path="/media/data/CODES/ccs7_theBeast/_B_dlib_bitfield_dcl" --include_path="/opt/ti/c2000ware/driverlib/f2837xd/driverlib" --include_path="/opt/ti/c2000ware/device_support/f2837xd/headers/include" --include_path="/opt/ti/c2000ware/device_support/f2837xd/common/include" --include_path="/opt/ti/c2000ware/libraries/control/DCL/c28/include" --advice:performance=all --define=CPU1 -g --c99 --diag_warning=225 --diag_wrap=off --display_error_number --preproc_with_compile --preproc_dependency="bsp/F2837xD_CpuTimers.d" --obj_directory="bsp"  "../bsp/F2837xD_CpuTimers.c"
Finished building: ../bsp/F2837xD_CpuTimers.c
 
Building file: ../bsp/F2837xD_PieCtrl.c
Invoking: C2000 Compiler
"/opt/ti/ccsv7/tools/compiler/ti-cgt-c2000_17.3.0.STS/bin/cl2000" -v28 -ml -mt --cla_support=cla1 --float_support=fpu32 --tmu_support=tmu0 --vcu_support=vcu2 -O2 --opt_for_speed=0 --fp_mode=relaxed --include_path="/opt/ti/ccsv7/tools/compiler/ti-cgt-c2000_17.3.0.STS/include" --include_path="/media/data/CODES/ccs7_theBeast/_B_dlib_bitfield_dcl/device" --include_path="/media/data/CODES/ccs7_theBeast/_B_dlib_bitfield_dcl/md_theBeast" --include_path="/media/data/CODES/ccs7_theBeast/_B_dlib_bitfield_dcl" --include_path="/opt/ti/c2000ware/driverlib/f2837xd/driverlib" --include_path="/opt/ti/c2000ware/device_support/f2837xd/headers/include" --include_path="/opt/ti/c2000ware/device_support/f2837xd/common/include" --include_path="/opt/ti/c2000ware/libraries/control/DCL/c28/include" --advice:performance=all --define=CPU1 -g --c99 --diag_warning=225 --diag_wrap=off --display_error_number --preproc_with_compile --preproc_dependency="bsp/F2837xD_PieCtrl.d" --obj_directory="bsp"  "../bsp/F2837xD_PieCtrl.c"
Finished building: ../bsp/F2837xD_PieCtrl.c
 
Building file: ../bsp/F2837xD_usDelay.asm
Invoking: C2000 Compiler
"/opt/ti/ccsv7/tools/compiler/ti-cgt-c2000_17.3.0.STS/bin/cl2000" -v28 -ml -mt --cla_support=cla1 --float_support=fpu32 --tmu_support=tmu0 --vcu_support=vcu2 -O2 --opt_for_speed=0 --fp_mode=relaxed --include_path="/opt/ti/ccsv7/tools/compiler/ti-cgt-c2000_17.3.0.STS/include" --include_path="/media/data/CODES/ccs7_theBeast/_B_dlib_bitfield_dcl/device" --include_path="/media/data/CODES/ccs7_theBeast/_B_dlib_bitfield_dcl/md_theBeast" --include_path="/media/data/CODES/ccs7_theBeast/_B_dlib_bitfield_dcl" --include_path="/opt/ti/c2000ware/driverlib/f2837xd/driverlib" --include_path="/opt/ti/c2000ware/device_support/f2837xd/headers/include" --include_path="/opt/ti/c2000ware/device_support/f2837xd/common/include" --include_path="/opt/ti/c2000ware/libraries/control/DCL/c28/include" --advice:performance=all --define=CPU1 -g --c99 --diag_warning=225 --diag_wrap=off --display_error_number --preproc_with_compile --preproc_dependency="bsp/F2837xD_usDelay.d" --obj_directory="bsp"  "../bsp/F2837xD_usDelay.asm"
Finished building: ../bsp/F2837xD_usDelay.asm
 
Building file: ../bsp/F2837xD_Adc.c
Invoking: C2000 Compiler
"/opt/ti/ccsv7/tools/compiler/ti-cgt-c2000_17.3.0.STS/bin/cl2000" -v28 -ml -mt --cla_support=cla1 --float_support=fpu32 --tmu_support=tmu0 --vcu_support=vcu2 -O2 --opt_for_speed=0 --fp_mode=relaxed --include_path="/opt/ti/ccsv7/tools/compiler/ti-cgt-c2000_17.3.0.STS/include" --include_path="/media/data/CODES/ccs7_theBeast/_B_dlib_bitfield_dcl/device" --include_path="/media/data/CODES/ccs7_theBeast/_B_dlib_bitfield_dcl/md_theBeast" --include_path="/media/data/CODES/ccs7_theBeast/_B_dlib_bitfield_dcl" --include_path="/opt/ti/c2000ware/driverlib/f2837xd/driverlib" --include_path="/opt/ti/c2000ware/device_support/f2837xd/headers/include" --include_path="/opt/ti/c2000ware/device_support/f2837xd/common/include" --include_path="/opt/ti/c2000ware/libraries/control/DCL/c28/include" --advice:performance=all --define=CPU1 -g --c99 --diag_warning=225 --diag_wrap=off --display_error_number --preproc_with_compile --preproc_dependency="bsp/F2837xD_Adc.d" --obj_directory="bsp"  "../bsp/F2837xD_Adc.c"
Finished building: ../bsp/F2837xD_Adc.c
 
Building file: ../bsp/F2837xD_PieVect.c
Invoking: C2000 Compiler
"/opt/ti/ccsv7/tools/compiler/ti-cgt-c2000_17.3.0.STS/bin/cl2000" -v28 -ml -mt --cla_support=cla1 --float_support=fpu32 --tmu_support=tmu0 --vcu_support=vcu2 -O2 --opt_for_speed=0 --fp_mode=relaxed --include_path="/opt/ti/ccsv7/tools/compiler/ti-cgt-c2000_17.3.0.STS/include" --include_path="/media/data/CODES/ccs7_theBeast/_B_dlib_bitfield_dcl/device" --include_path="/media/data/CODES/ccs7_theBeast/_B_dlib_bitfield_dcl/md_theBeast" --include_path="/media/data/CODES/ccs7_theBeast/_B_dlib_bitfield_dcl" --include_path="/opt/ti/c2000ware/driverlib/f2837xd/driverlib" --include_path="/opt/ti/c2000ware/device_support/f2837xd/headers/include" --include_path="/opt/ti/c2000ware/device_support/f2837xd/common/include" --include_path="/opt/ti/c2000ware/libraries/control/DCL/c28/include" --advice:performance=all --define=CPU1 -g --c99 --diag_warning=225 --diag_wrap=off --display_error_number --preproc_with_compile --preproc_dependency="bsp/F2837xD_PieVect.d" --obj_directory="bsp"  "../bsp/F2837xD_PieVect.c"
Finished building: ../bsp/F2837xD_PieVect.c
 
Building file: ../bsp/F2837xD_DefaultISR.c
Invoking: C2000 Compiler
"/opt/ti/ccsv7/tools/compiler/ti-cgt-c2000_17.3.0.STS/bin/cl2000" -v28 -ml -mt --cla_support=cla1 --float_support=fpu32 --tmu_support=tmu0 --vcu_support=vcu2 -O2 --opt_for_speed=0 --fp_mode=relaxed --include_path="/opt/ti/ccsv7/tools/compiler/ti-cgt-c2000_17.3.0.STS/include" --include_path="/media/data/CODES/ccs7_theBeast/_B_dlib_bitfield_dcl/device" --include_path="/media/data/CODES/ccs7_theBeast/_B_dlib_bitfield_dcl/md_theBeast" --include_path="/media/data/CODES/ccs7_theBeast/_B_dlib_bitfield_dcl" --include_path="/opt/ti/c2000ware/driverlib/f2837xd/driverlib" --include_path="/opt/ti/c2000ware/device_support/f2837xd/headers/include" --include_path="/opt/ti/c2000ware/device_support/f2837xd/common/include" --include_path="/opt/ti/c2000ware/libraries/control/DCL/c28/include" --advice:performance=all --define=CPU1 -g --c99 --diag_warning=225 --diag_wrap=off --display_error_number --preproc_with_compile --preproc_dependency="bsp/F2837xD_DefaultISR.d" --obj_directory="bsp"  "../bsp/F2837xD_DefaultISR.c"
Finished building: ../bsp/F2837xD_DefaultISR.c
 
Building file: ../device/driverlib/asysctl.c
Invoking: C2000 Compiler
"/opt/ti/ccsv7/tools/compiler/ti-cgt-c2000_17.3.0.STS/bin/cl2000" -v28 -ml -mt --cla_support=cla1 --float_support=fpu32 --tmu_support=tmu0 --vcu_support=vcu2 -O2 --opt_for_speed=0 --fp_mode=relaxed --include_path="/opt/ti/ccsv7/tools/compiler/ti-cgt-c2000_17.3.0.STS/include" --include_path="/media/data/CODES/ccs7_theBeast/_B_dlib_bitfield_dcl/device" --include_path="/media/data/CODES/ccs7_theBeast/_B_dlib_bitfield_dcl/md_theBeast" --include_path="/media/data/CODES/ccs7_theBeast/_B_dlib_bitfield_dcl" --include_path="/opt/ti/c2000ware/driverlib/f2837xd/driverlib" --include_path="/opt/ti/c2000ware/device_support/f2837xd/headers/include" --include_path="/opt/ti/c2000ware/device_support/f2837xd/common/include" --include_path="/opt/ti/c2000ware/libraries/control/DCL/c28/include" --advice:performance=all --define=CPU1 -g --c99 --diag_warning=225 --diag_wrap=off --display_error_number --preproc_with_compile --preproc_dependency="device/driverlib/asysctl.d" --obj_directory="device/driverlib"  "../device/driverlib/asysctl.c"
Finished building: ../device/driverlib/asysctl.c
 
Building file: ../bsp/F2837xD_EPwm.c
Invoking: C2000 Compiler
"/opt/ti/ccsv7/tools/compiler/ti-cgt-c2000_17.3.0.STS/bin/cl2000" -v28 -ml -mt --cla_support=cla1 --float_support=fpu32 --tmu_support=tmu0 --vcu_support=vcu2 -O2 --opt_for_speed=0 --fp_mode=relaxed --include_path="/opt/ti/ccsv7/tools/compiler/ti-cgt-c2000_17.3.0.STS/include" --include_path="/media/data/CODES/ccs7_theBeast/_B_dlib_bitfield_dcl/device" --include_path="/media/data/CODES/ccs7_theBeast/_B_dlib_bitfield_dcl/md_theBeast" --include_path="/media/data/CODES/ccs7_theBeast/_B_dlib_bitfield_dcl" --include_path="/opt/ti/c2000ware/driverlib/f2837xd/driverlib" --include_path="/opt/ti/c2000ware/device_support/f2837xd/headers/include" --include_path="/opt/ti/c2000ware/device_support/f2837xd/common/include" --include_path="/opt/ti/c2000ware/libraries/control/DCL/c28/include" --advice:performance=all --define=CPU1 -g --c99 --diag_warning=225 --diag_wrap=off --display_error_number --preproc_with_compile --preproc_dependency="bsp/F2837xD_EPwm.d" --obj_directory="bsp"  "../bsp/F2837xD_EPwm.c"
Finished building: ../bsp/F2837xD_EPwm.c
 
Building file: ../device/driverlib/adc.c
Invoking: C2000 Compiler
"/opt/ti/ccsv7/tools/compiler/ti-cgt-c2000_17.3.0.STS/bin/cl2000" -v28 -ml -mt --cla_support=cla1 --float_support=fpu32 --tmu_support=tmu0 --vcu_support=vcu2 -O2 --opt_for_speed=0 --fp_mode=relaxed --include_path="/opt/ti/ccsv7/tools/compiler/ti-cgt-c2000_17.3.0.STS/include" --include_path="/media/data/CODES/ccs7_theBeast/_B_dlib_bitfield_dcl/device" --include_path="/media/data/CODES/ccs7_theBeast/_B_dlib_bitfield_dcl/md_theBeast" --include_path="/media/data/CODES/ccs7_theBeast/_B_dlib_bitfield_dcl" --include_path="/opt/ti/c2000ware/driverlib/f2837xd/driverlib" --include_path="/opt/ti/c2000ware/device_support/f2837xd/headers/include" --include_path="/opt/ti/c2000ware/device_support/f2837xd/common/include" --include_path="/opt/ti/c2000ware/libraries/control/DCL/c28/include" --advice:performance=all --define=CPU1 -g --c99 --diag_warning=225 --diag_wrap=off --display_error_number --preproc_with_compile --preproc_dependency="device/driverlib/adc.d" --obj_directory="device/driverlib"  "../device/driverlib/adc.c"
Finished building: ../device/driverlib/adc.c
 
Building file: ../device/device.c
Invoking: C2000 Compiler
"/opt/ti/ccsv7/tools/compiler/ti-cgt-c2000_17.3.0.STS/bin/cl2000" -v28 -ml -mt --cla_support=cla1 --float_support=fpu32 --tmu_support=tmu0 --vcu_support=vcu2 -O2 --opt_for_speed=0 --fp_mode=relaxed --include_path="/opt/ti/ccsv7/tools/compiler/ti-cgt-c2000_17.3.0.STS/include" --include_path="/media/data/CODES/ccs7_theBeast/_B_dlib_bitfield_dcl/device" --include_path="/media/data/CODES/ccs7_theBeast/_B_dlib_bitfield_dcl/md_theBeast" --include_path="/media/data/CODES/ccs7_theBeast/_B_dlib_bitfield_dcl" --include_path="/opt/ti/c2000ware/driverlib/f2837xd/driverlib" --include_path="/opt/ti/c2000ware/device_support/f2837xd/headers/include" --include_path="/opt/ti/c2000ware/device_support/f2837xd/common/include" --include_path="/opt/ti/c2000ware/libraries/control/DCL/c28/include" --advice:performance=all --define=CPU1 -g --c99 --diag_warning=225 --diag_wrap=off --display_error_number --preproc_with_compile --preproc_dependency="device/device.d" --obj_directory="device"  "../device/device.c"
Finished building: ../device/device.c
 
Building file: ../device/driverlib/cputimer.c
Invoking: C2000 Compiler
"/opt/ti/ccsv7/tools/compiler/ti-cgt-c2000_17.3.0.STS/bin/cl2000" -v28 -ml -mt --cla_support=cla1 --float_support=fpu32 --tmu_support=tmu0 --vcu_support=vcu2 -O2 --opt_for_speed=0 --fp_mode=relaxed --include_path="/opt/ti/ccsv7/tools/compiler/ti-cgt-c2000_17.3.0.STS/include" --include_path="/media/data/CODES/ccs7_theBeast/_B_dlib_bitfield_dcl/device" --include_path="/media/data/CODES/ccs7_theBeast/_B_dlib_bitfield_dcl/md_theBeast" --include_path="/media/data/CODES/ccs7_theBeast/_B_dlib_bitfield_dcl" --include_path="/opt/ti/c2000ware/driverlib/f2837xd/driverlib" --include_path="/opt/ti/c2000ware/device_support/f2837xd/headers/include" --include_path="/opt/ti/c2000ware/device_support/f2837xd/common/include" --include_path="/opt/ti/c2000ware/libraries/control/DCL/c28/include" --advice:performance=all --define=CPU1 -g --c99 --diag_warning=225 --diag_wrap=off --display_error_number --preproc_with_compile --preproc_dependency="device/driverlib/cputimer.d" --obj_directory="device/driverlib"  "../device/driverlib/cputimer.c"
Finished building: ../device/driverlib/cputimer.c
 
Building file: ../device/driverlib/cla.c
Invoking: C2000 Compiler
"/opt/ti/ccsv7/tools/compiler/ti-cgt-c2000_17.3.0.STS/bin/cl2000" -v28 -ml -mt --cla_support=cla1 --float_support=fpu32 --tmu_support=tmu0 --vcu_support=vcu2 -O2 --opt_for_speed=0 --fp_mode=relaxed --include_path="/opt/ti/ccsv7/tools/compiler/ti-cgt-c2000_17.3.0.STS/include" --include_path="/media/data/CODES/ccs7_theBeast/_B_dlib_bitfield_dcl/device" --include_path="/media/data/CODES/ccs7_theBeast/_B_dlib_bitfield_dcl/md_theBeast" --include_path="/media/data/CODES/ccs7_theBeast/_B_dlib_bitfield_dcl" --include_path="/opt/ti/c2000ware/driverlib/f2837xd/driverlib" --include_path="/opt/ti/c2000ware/device_support/f2837xd/headers/include" --include_path="/opt/ti/c2000ware/device_support/f2837xd/common/include" --include_path="/opt/ti/c2000ware/libraries/control/DCL/c28/include" --advice:performance=all --define=CPU1 -g --c99 --diag_warning=225 --diag_wrap=off --display_error_number --preproc_with_compile --preproc_dependency="device/driverlib/cla.d" --obj_directory="device/driverlib"  "../device/driverlib/cla.c"
Finished building: ../device/driverlib/cla.c
 
Building file: ../device/driverlib/dac.c
Invoking: C2000 Compiler
"/opt/ti/ccsv7/tools/compiler/ti-cgt-c2000_17.3.0.STS/bin/cl2000" -v28 -ml -mt --cla_support=cla1 --float_support=fpu32 --tmu_support=tmu0 --vcu_support=vcu2 -O2 --opt_for_speed=0 --fp_mode=relaxed --include_path="/opt/ti/ccsv7/tools/compiler/ti-cgt-c2000_17.3.0.STS/include" --include_path="/media/data/CODES/ccs7_theBeast/_B_dlib_bitfield_dcl/device" --include_path="/media/data/CODES/ccs7_theBeast/_B_dlib_bitfield_dcl/md_theBeast" --include_path="/media/data/CODES/ccs7_theBeast/_B_dlib_bitfield_dcl" --include_path="/opt/ti/c2000ware/driverlib/f2837xd/driverlib" --include_path="/opt/ti/c2000ware/device_support/f2837xd/headers/include" --include_path="/opt/ti/c2000ware/device_support/f2837xd/common/include" --include_path="/opt/ti/c2000ware/libraries/control/DCL/c28/include" --advice:performance=all --define=CPU1 -g --c99 --diag_warning=225 --diag_wrap=off --display_error_number --preproc_with_compile --preproc_dependency="device/driverlib/dac.d" --obj_directory="device/driverlib"  "../device/driverlib/dac.c"
Finished building: ../device/driverlib/dac.c
 
Building file: ../device/driverlib/cmpss.c
Invoking: C2000 Compiler
"/opt/ti/ccsv7/tools/compiler/ti-cgt-c2000_17.3.0.STS/bin/cl2000" -v28 -ml -mt --cla_support=cla1 --float_support=fpu32 --tmu_support=tmu0 --vcu_support=vcu2 -O2 --opt_for_speed=0 --fp_mode=relaxed --include_path="/opt/ti/ccsv7/tools/compiler/ti-cgt-c2000_17.3.0.STS/include" --include_path="/media/data/CODES/ccs7_theBeast/_B_dlib_bitfield_dcl/device" --include_path="/media/data/CODES/ccs7_theBeast/_B_dlib_bitfield_dcl/md_theBeast" --include_path="/media/data/CODES/ccs7_theBeast/_B_dlib_bitfield_dcl" --include_path="/opt/ti/c2000ware/driverlib/f2837xd/driverlib" --include_path="/opt/ti/c2000ware/device_support/f2837xd/headers/include" --include_path="/opt/ti/c2000ware/device_support/f2837xd/common/include" --include_path="/opt/ti/c2000ware/libraries/control/DCL/c28/include" --advice:performance=all --define=CPU1 -g --c99 --diag_warning=225 --diag_wrap=off --display_error_number --preproc_with_compile --preproc_dependency="device/driverlib/cmpss.d" --obj_directory="device/driverlib"  "../device/driverlib/cmpss.c"
Finished building: ../device/driverlib/cmpss.c
 
Building file: ../device/driverlib/emif.c
Invoking: C2000 Compiler
"/opt/ti/ccsv7/tools/compiler/ti-cgt-c2000_17.3.0.STS/bin/cl2000" -v28 -ml -mt --cla_support=cla1 --float_support=fpu32 --tmu_support=tmu0 --vcu_support=vcu2 -O2 --opt_for_speed=0 --fp_mode=relaxed --include_path="/opt/ti/ccsv7/tools/compiler/ti-cgt-c2000_17.3.0.STS/include" --include_path="/media/data/CODES/ccs7_theBeast/_B_dlib_bitfield_dcl/device" --include_path="/media/data/CODES/ccs7_theBeast/_B_dlib_bitfield_dcl/md_theBeast" --include_path="/media/data/CODES/ccs7_theBeast/_B_dlib_bitfield_dcl" --include_path="/opt/ti/c2000ware/driverlib/f2837xd/driverlib" --include_path="/opt/ti/c2000ware/device_support/f2837xd/headers/include" --include_path="/opt/ti/c2000ware/device_support/f2837xd/common/include" --include_path="/opt/ti/c2000ware/libraries/control/DCL/c28/include" --advice:performance=all --define=CPU1 -g --c99 --diag_warning=225 --diag_wrap=off --display_error_number --preproc_with_compile --preproc_dependency="device/driverlib/emif.d" --obj_directory="device/driverlib"  "../device/driverlib/emif.c"
Finished building: ../device/driverlib/emif.c
 
Building file: ../device/driverlib/ecap.c
Invoking: C2000 Compiler
"/opt/ti/ccsv7/tools/compiler/ti-cgt-c2000_17.3.0.STS/bin/cl2000" -v28 -ml -mt --cla_support=cla1 --float_support=fpu32 --tmu_support=tmu0 --vcu_support=vcu2 -O2 --opt_for_speed=0 --fp_mode=relaxed --include_path="/opt/ti/ccsv7/tools/compiler/ti-cgt-c2000_17.3.0.STS/include" --include_path="/media/data/CODES/ccs7_theBeast/_B_dlib_bitfield_dcl/device" --include_path="/media/data/CODES/ccs7_theBeast/_B_dlib_bitfield_dcl/md_theBeast" --include_path="/media/data/CODES/ccs7_theBeast/_B_dlib_bitfield_dcl" --include_path="/opt/ti/c2000ware/driverlib/f2837xd/driverlib" --include_path="/opt/ti/c2000ware/device_support/f2837xd/headers/include" --include_path="/opt/ti/c2000ware/device_support/f2837xd/common/include" --include_path="/opt/ti/c2000ware/libraries/control/DCL/c28/include" --advice:performance=all --define=CPU1 -g --c99 --diag_warning=225 --diag_wrap=off --display_error_number --preproc_with_compile --preproc_dependency="device/driverlib/ecap.d" --obj_directory="device/driverlib"  "../device/driverlib/ecap.c"
Finished building: ../device/driverlib/ecap.c
 
Building file: ../device/driverlib/dma.c
Invoking: C2000 Compiler
"/opt/ti/ccsv7/tools/compiler/ti-cgt-c2000_17.3.0.STS/bin/cl2000" -v28 -ml -mt --cla_support=cla1 --float_support=fpu32 --tmu_support=tmu0 --vcu_support=vcu2 -O2 --opt_for_speed=0 --fp_mode=relaxed --include_path="/opt/ti/ccsv7/tools/compiler/ti-cgt-c2000_17.3.0.STS/include" --include_path="/media/data/CODES/ccs7_theBeast/_B_dlib_bitfield_dcl/device" --include_path="/media/data/CODES/ccs7_theBeast/_B_dlib_bitfield_dcl/md_theBeast" --include_path="/media/data/CODES/ccs7_theBeast/_B_dlib_bitfield_dcl" --include_path="/opt/ti/c2000ware/driverlib/f2837xd/driverlib" --include_path="/opt/ti/c2000ware/device_support/f2837xd/headers/include" --include_path="/opt/ti/c2000ware/device_support/f2837xd/common/include" --include_path="/opt/ti/c2000ware/libraries/control/DCL/c28/include" --advice:performance=all --define=CPU1 -g --c99 --diag_warning=225 --diag_wrap=off --display_error_number --preproc_with_compile --preproc_dependency="device/driverlib/dma.d" --obj_directory="device/driverlib"  "../device/driverlib/dma.c"
Finished building: ../device/driverlib/dma.c
 
Building file: ../device/driverlib/epwm.c
Invoking: C2000 Compiler
"/opt/ti/ccsv7/tools/compiler/ti-cgt-c2000_17.3.0.STS/bin/cl2000" -v28 -ml -mt --cla_support=cla1 --float_support=fpu32 --tmu_support=tmu0 --vcu_support=vcu2 -O2 --opt_for_speed=0 --fp_mode=relaxed --include_path="/opt/ti/ccsv7/tools/compiler/ti-cgt-c2000_17.3.0.STS/include" --include_path="/media/data/CODES/ccs7_theBeast/_B_dlib_bitfield_dcl/device" --include_path="/media/data/CODES/ccs7_theBeast/_B_dlib_bitfield_dcl/md_theBeast" --include_path="/media/data/CODES/ccs7_theBeast/_B_dlib_bitfield_dcl" --include_path="/opt/ti/c2000ware/driverlib/f2837xd/driverlib" --include_path="/opt/ti/c2000ware/device_support/f2837xd/headers/include" --include_path="/opt/ti/c2000ware/device_support/f2837xd/common/include" --include_path="/opt/ti/c2000ware/libraries/control/DCL/c28/include" --advice:performance=all --define=CPU1 -g --c99 --diag_warning=225 --diag_wrap=off --display_error_number --preproc_with_compile --preproc_dependency="device/driverlib/epwm.d" --obj_directory="device/driverlib"  "../device/driverlib/epwm.c"
Finished building: ../device/driverlib/epwm.c
 
Building file: ../bsp/F2837xD_Gpio.c
Invoking: C2000 Compiler
"/opt/ti/ccsv7/tools/compiler/ti-cgt-c2000_17.3.0.STS/bin/cl2000" -v28 -ml -mt --cla_support=cla1 --float_support=fpu32 --tmu_support=tmu0 --vcu_support=vcu2 -O2 --opt_for_speed=0 --fp_mode=relaxed --include_path="/opt/ti/ccsv7/tools/compiler/ti-cgt-c2000_17.3.0.STS/include" --include_path="/media/data/CODES/ccs7_theBeast/_B_dlib_bitfield_dcl/device" --include_path="/media/data/CODES/ccs7_theBeast/_B_dlib_bitfield_dcl/md_theBeast" --include_path="/media/data/CODES/ccs7_theBeast/_B_dlib_bitfield_dcl" --include_path="/opt/ti/c2000ware/driverlib/f2837xd/driverlib" --include_path="/opt/ti/c2000ware/device_support/f2837xd/headers/include" --include_path="/opt/ti/c2000ware/device_support/f2837xd/common/include" --include_path="/opt/ti/c2000ware/libraries/control/DCL/c28/include" --advice:performance=all --define=CPU1 -g --c99 --diag_warning=225 --diag_wrap=off --display_error_number --preproc_with_compile --preproc_dependency="bsp/F2837xD_Gpio.d" --obj_directory="bsp"  "../bsp/F2837xD_Gpio.c"
Finished building: ../bsp/F2837xD_Gpio.c
 
Building file: ../device/driverlib/dcsm.c
Invoking: C2000 Compiler
"/opt/ti/ccsv7/tools/compiler/ti-cgt-c2000_17.3.0.STS/bin/cl2000" -v28 -ml -mt --cla_support=cla1 --float_support=fpu32 --tmu_support=tmu0 --vcu_support=vcu2 -O2 --opt_for_speed=0 --fp_mode=relaxed --include_path="/opt/ti/ccsv7/tools/compiler/ti-cgt-c2000_17.3.0.STS/include" --include_path="/media/data/CODES/ccs7_theBeast/_B_dlib_bitfield_dcl/device" --include_path="/media/data/CODES/ccs7_theBeast/_B_dlib_bitfield_dcl/md_theBeast" --include_path="/media/data/CODES/ccs7_theBeast/_B_dlib_bitfield_dcl" --include_path="/opt/ti/c2000ware/driverlib/f2837xd/driverlib" --include_path="/opt/ti/c2000ware/device_support/f2837xd/headers/include" --include_path="/opt/ti/c2000ware/device_support/f2837xd/common/include" --include_path="/opt/ti/c2000ware/libraries/control/DCL/c28/include" --advice:performance=all --define=CPU1 -g --c99 --diag_warning=225 --diag_wrap=off --display_error_number --preproc_with_compile --preproc_dependency="device/driverlib/dcsm.d" --obj_directory="device/driverlib"  "../device/driverlib/dcsm.c"
Finished building: ../device/driverlib/dcsm.c
 
Building file: ../device/driverlib/hrpwm.c
Invoking: C2000 Compiler
"/opt/ti/ccsv7/tools/compiler/ti-cgt-c2000_17.3.0.STS/bin/cl2000" -v28 -ml -mt --cla_support=cla1 --float_support=fpu32 --tmu_support=tmu0 --vcu_support=vcu2 -O2 --opt_for_speed=0 --fp_mode=relaxed --include_path="/opt/ti/ccsv7/tools/compiler/ti-cgt-c2000_17.3.0.STS/include" --include_path="/media/data/CODES/ccs7_theBeast/_B_dlib_bitfield_dcl/device" --include_path="/media/data/CODES/ccs7_theBeast/_B_dlib_bitfield_dcl/md_theBeast" --include_path="/media/data/CODES/ccs7_theBeast/_B_dlib_bitfield_dcl" --include_path="/opt/ti/c2000ware/driverlib/f2837xd/driverlib" --include_path="/opt/ti/c2000ware/device_support/f2837xd/headers/include" --include_path="/opt/ti/c2000ware/device_support/f2837xd/common/include" --include_path="/opt/ti/c2000ware/libraries/control/DCL/c28/include" --advice:performance=all --define=CPU1 -g --c99 --diag_warning=225 --diag_wrap=off --display_error_number --preproc_with_compile --preproc_dependency="device/driverlib/hrpwm.d" --obj_directory="device/driverlib"  "../device/driverlib/hrpwm.c"
Finished building: ../device/driverlib/hrpwm.c
 
Building file: ../device/driverlib/eqep.c
Invoking: C2000 Compiler
"/opt/ti/ccsv7/tools/compiler/ti-cgt-c2000_17.3.0.STS/bin/cl2000" -v28 -ml -mt --cla_support=cla1 --float_support=fpu32 --tmu_support=tmu0 --vcu_support=vcu2 -O2 --opt_for_speed=0 --fp_mode=relaxed --include_path="/opt/ti/ccsv7/tools/compiler/ti-cgt-c2000_17.3.0.STS/include" --include_path="/media/data/CODES/ccs7_theBeast/_B_dlib_bitfield_dcl/device" --include_path="/media/data/CODES/ccs7_theBeast/_B_dlib_bitfield_dcl/md_theBeast" --include_path="/media/data/CODES/ccs7_theBeast/_B_dlib_bitfield_dcl" --include_path="/opt/ti/c2000ware/driverlib/f2837xd/driverlib" --include_path="/opt/ti/c2000ware/device_support/f2837xd/headers/include" --include_path="/opt/ti/c2000ware/device_support/f2837xd/common/include" --include_path="/opt/ti/c2000ware/libraries/control/DCL/c28/include" --advice:performance=all --define=CPU1 -g --c99 --diag_warning=225 --diag_wrap=off --display_error_number --preproc_with_compile --preproc_dependency="device/driverlib/eqep.d" --obj_directory="device/driverlib"  "../device/driverlib/eqep.c"
Finished building: ../device/driverlib/eqep.c
 
Building file: ../device/driverlib/flash.c
Invoking: C2000 Compiler
"/opt/ti/ccsv7/tools/compiler/ti-cgt-c2000_17.3.0.STS/bin/cl2000" -v28 -ml -mt --cla_support=cla1 --float_support=fpu32 --tmu_support=tmu0 --vcu_support=vcu2 -O2 --opt_for_speed=0 --fp_mode=relaxed --include_path="/opt/ti/ccsv7/tools/compiler/ti-cgt-c2000_17.3.0.STS/include" --include_path="/media/data/CODES/ccs7_theBeast/_B_dlib_bitfield_dcl/device" --include_path="/media/data/CODES/ccs7_theBeast/_B_dlib_bitfield_dcl/md_theBeast" --include_path="/media/data/CODES/ccs7_theBeast/_B_dlib_bitfield_dcl" --include_path="/opt/ti/c2000ware/driverlib/f2837xd/driverlib" --include_path="/opt/ti/c2000ware/device_support/f2837xd/headers/include" --include_path="/opt/ti/c2000ware/device_support/f2837xd/common/include" --include_path="/opt/ti/c2000ware/libraries/control/DCL/c28/include" --advice:performance=all --define=CPU1 -g --c99 --diag_warning=225 --diag_wrap=off --display_error_number --preproc_with_compile --preproc_dependency="device/driverlib/flash.d" --obj_directory="device/driverlib"  "../device/driverlib/flash.c"
Finished building: ../device/driverlib/flash.c
 
Building file: ../device/driverlib/can.c
Invoking: C2000 Compiler
"/opt/ti/ccsv7/tools/compiler/ti-cgt-c2000_17.3.0.STS/bin/cl2000" -v28 -ml -mt --cla_support=cla1 --float_support=fpu32 --tmu_support=tmu0 --vcu_support=vcu2 -O2 --opt_for_speed=0 --fp_mode=relaxed --include_path="/opt/ti/ccsv7/tools/compiler/ti-cgt-c2000_17.3.0.STS/include" --include_path="/media/data/CODES/ccs7_theBeast/_B_dlib_bitfield_dcl/device" --include_path="/media/data/CODES/ccs7_theBeast/_B_dlib_bitfield_dcl/md_theBeast" --include_path="/media/data/CODES/ccs7_theBeast/_B_dlib_bitfield_dcl" --include_path="/opt/ti/c2000ware/driverlib/f2837xd/driverlib" --include_path="/opt/ti/c2000ware/device_support/f2837xd/headers/include" --include_path="/opt/ti/c2000ware/device_support/f2837xd/common/include" --include_path="/opt/ti/c2000ware/libraries/control/DCL/c28/include" --advice:performance=all --define=CPU1 -g --c99 --diag_warning=225 --diag_wrap=off --display_error_number --preproc_with_compile --preproc_dependency="device/driverlib/can.d" --obj_directory="device/driverlib"  "../device/driverlib/can.c"
Finished building: ../device/driverlib/can.c
 
Building file: ../device/driverlib/i2c.c
Invoking: C2000 Compiler
"/opt/ti/ccsv7/tools/compiler/ti-cgt-c2000_17.3.0.STS/bin/cl2000" -v28 -ml -mt --cla_support=cla1 --float_support=fpu32 --tmu_support=tmu0 --vcu_support=vcu2 -O2 --opt_for_speed=0 --fp_mode=relaxed --include_path="/opt/ti/ccsv7/tools/compiler/ti-cgt-c2000_17.3.0.STS/include" --include_path="/media/data/CODES/ccs7_theBeast/_B_dlib_bitfield_dcl/device" --include_path="/media/data/CODES/ccs7_theBeast/_B_dlib_bitfield_dcl/md_theBeast" --include_path="/media/data/CODES/ccs7_theBeast/_B_dlib_bitfield_dcl" --include_path="/opt/ti/c2000ware/driverlib/f2837xd/driverlib" --include_path="/opt/ti/c2000ware/device_support/f2837xd/headers/include" --include_path="/opt/ti/c2000ware/device_support/f2837xd/common/include" --include_path="/opt/ti/c2000ware/libraries/control/DCL/c28/include" --advice:performance=all --define=CPU1 -g --c99 --diag_warning=225 --diag_wrap=off --display_error_number --preproc_with_compile --preproc_dependency="device/driverlib/i2c.d" --obj_directory="device/driverlib"  "../device/driverlib/i2c.c"
Finished building: ../device/driverlib/i2c.c
 
Building file: ../bsp/F2837xD_SysCtrl.c
Invoking: C2000 Compiler
"/opt/ti/ccsv7/tools/compiler/ti-cgt-c2000_17.3.0.STS/bin/cl2000" -v28 -ml -mt --cla_support=cla1 --float_support=fpu32 --tmu_support=tmu0 --vcu_support=vcu2 -O2 --opt_for_speed=0 --fp_mode=relaxed --include_path="/opt/ti/ccsv7/tools/compiler/ti-cgt-c2000_17.3.0.STS/include" --include_path="/media/data/CODES/ccs7_theBeast/_B_dlib_bitfield_dcl/device" --include_path="/media/data/CODES/ccs7_theBeast/_B_dlib_bitfield_dcl/md_theBeast" --include_path="/media/data/CODES/ccs7_theBeast/_B_dlib_bitfield_dcl" --include_path="/opt/ti/c2000ware/driverlib/f2837xd/driverlib" --include_path="/opt/ti/c2000ware/device_support/f2837xd/headers/include" --include_path="/opt/ti/c2000ware/device_support/f2837xd/common/include" --include_path="/opt/ti/c2000ware/libraries/control/DCL/c28/include" --advice:performance=all --define=CPU1 -g --c99 --diag_warning=225 --diag_wrap=off --display_error_number --preproc_with_compile --preproc_dependency="bsp/F2837xD_SysCtrl.d" --obj_directory="bsp"  "../bsp/F2837xD_SysCtrl.c"
Finished building: ../bsp/F2837xD_SysCtrl.c
 
Building file: ../device/driverlib/sdfm.c
Invoking: C2000 Compiler
"/opt/ti/ccsv7/tools/compiler/ti-cgt-c2000_17.3.0.STS/bin/cl2000" -v28 -ml -mt --cla_support=cla1 --float_support=fpu32 --tmu_support=tmu0 --vcu_support=vcu2 -O2 --opt_for_speed=0 --fp_mode=relaxed --include_path="/opt/ti/ccsv7/tools/compiler/ti-cgt-c2000_17.3.0.STS/include" --include_path="/media/data/CODES/ccs7_theBeast/_B_dlib_bitfield_dcl/device" --include_path="/media/data/CODES/ccs7_theBeast/_B_dlib_bitfield_dcl/md_theBeast" --include_path="/media/data/CODES/ccs7_theBeast/_B_dlib_bitfield_dcl" --include_path="/opt/ti/c2000ware/driverlib/f2837xd/driverlib" --include_path="/opt/ti/c2000ware/device_support/f2837xd/headers/include" --include_path="/opt/ti/c2000ware/device_support/f2837xd/common/include" --include_path="/opt/ti/c2000ware/libraries/control/DCL/c28/include" --advice:performance=all --define=CPU1 -g --c99 --diag_warning=225 --diag_wrap=off --display_error_number --preproc_with_compile --preproc_dependency="device/driverlib/sdfm.d" --obj_directory="device/driverlib"  "../device/driverlib/sdfm.c"
Finished building: ../device/driverlib/sdfm.c
 
Building file: ../device/driverlib/interrupt.c
Invoking: C2000 Compiler
"/opt/ti/ccsv7/tools/compiler/ti-cgt-c2000_17.3.0.STS/bin/cl2000" -v28 -ml -mt --cla_support=cla1 --float_support=fpu32 --tmu_support=tmu0 --vcu_support=vcu2 -O2 --opt_for_speed=0 --fp_mode=relaxed --include_path="/opt/ti/ccsv7/tools/compiler/ti-cgt-c2000_17.3.0.STS/include" --include_path="/media/data/CODES/ccs7_theBeast/_B_dlib_bitfield_dcl/device" --include_path="/media/data/CODES/ccs7_theBeast/_B_dlib_bitfield_dcl/md_theBeast" --include_path="/media/data/CODES/ccs7_theBeast/_B_dlib_bitfield_dcl" --include_path="/opt/ti/c2000ware/driverlib/f2837xd/driverlib" --include_path="/opt/ti/c2000ware/device_support/f2837xd/headers/include" --include_path="/opt/ti/c2000ware/device_support/f2837xd/common/include" --include_path="/opt/ti/c2000ware/libraries/control/DCL/c28/include" --advice:performance=all --define=CPU1 -g --c99 --diag_warning=225 --diag_wrap=off --display_error_number --preproc_with_compile --preproc_dependency="device/driverlib/interrupt.d" --obj_directory="device/driverlib"  "../device/driverlib/interrupt.c"
Finished building: ../device/driverlib/interrupt.c
 
Building file: ../device/driverlib/gpio.c
Invoking: C2000 Compiler
"/opt/ti/ccsv7/tools/compiler/ti-cgt-c2000_17.3.0.STS/bin/cl2000" -v28 -ml -mt --cla_support=cla1 --float_support=fpu32 --tmu_support=tmu0 --vcu_support=vcu2 -O2 --opt_for_speed=0 --fp_mode=relaxed --include_path="/opt/ti/ccsv7/tools/compiler/ti-cgt-c2000_17.3.0.STS/include" --include_path="/media/data/CODES/ccs7_theBeast/_B_dlib_bitfield_dcl/device" --include_path="/media/data/CODES/ccs7_theBeast/_B_dlib_bitfield_dcl/md_theBeast" --include_path="/media/data/CODES/ccs7_theBeast/_B_dlib_bitfield_dcl" --include_path="/opt/ti/c2000ware/driverlib/f2837xd/driverlib" --include_path="/opt/ti/c2000ware/device_support/f2837xd/headers/include" --include_path="/opt/ti/c2000ware/device_support/f2837xd/common/include" --include_path="/opt/ti/c2000ware/libraries/control/DCL/c28/include" --advice:performance=all --define=CPU1 -g --c99 --diag_warning=225 --diag_wrap=off --display_error_number --preproc_with_compile --preproc_dependency="device/driverlib/gpio.d" --obj_directory="device/driverlib"  "../device/driverlib/gpio.c"
Finished building: ../device/driverlib/gpio.c
 
Building file: ../device/driverlib/usb.c
Invoking: C2000 Compiler
"/opt/ti/ccsv7/tools/compiler/ti-cgt-c2000_17.3.0.STS/bin/cl2000" -v28 -ml -mt --cla_support=cla1 --float_support=fpu32 --tmu_support=tmu0 --vcu_support=vcu2 -O2 --opt_for_speed=0 --fp_mode=relaxed --include_path="/opt/ti/ccsv7/tools/compiler/ti-cgt-c2000_17.3.0.STS/include" --include_path="/media/data/CODES/ccs7_theBeast/_B_dlib_bitfield_dcl/device" --include_path="/media/data/CODES/ccs7_theBeast/_B_dlib_bitfield_dcl/md_theBeast" --include_path="/media/data/CODES/ccs7_theBeast/_B_dlib_bitfield_dcl" --include_path="/opt/ti/c2000ware/driverlib/f2837xd/driverlib" --include_path="/opt/ti/c2000ware/device_support/f2837xd/headers/include" --include_path="/opt/ti/c2000ware/device_support/f2837xd/common/include" --include_path="/opt/ti/c2000ware/libraries/control/DCL/c28/include" --advice:performance=all --define=CPU1 -g --c99 --diag_warning=225 --diag_wrap=off --display_error_number --preproc_with_compile --preproc_dependency="device/driverlib/usb.d" --obj_directory="device/driverlib"  "../device/driverlib/usb.c"

>> Compilation failure
device/driverlib/subdir_rules.mk:182: recipe for target 'device/driverlib/usb.obj' failed
"../device/driverlib/usb.c", line 25: fatal error #1965: cannot open source file "inc/hw_usb.h"
1 catastrophic error detected in the compilation of "../device/driverlib/usb.c".
Compilation terminated.
gmake: *** [device/driverlib/usb.obj] Error 1
Building file: ../device/driverlib/sci.c
Invoking: C2000 Compiler
"/opt/ti/ccsv7/tools/compiler/ti-cgt-c2000_17.3.0.STS/bin/cl2000" -v28 -ml -mt --cla_support=cla1 --float_support=fpu32 --tmu_support=tmu0 --vcu_support=vcu2 -O2 --opt_for_speed=0 --fp_mode=relaxed --include_path="/opt/ti/ccsv7/tools/compiler/ti-cgt-c2000_17.3.0.STS/include" --include_path="/media/data/CODES/ccs7_theBeast/_B_dlib_bitfield_dcl/device" --include_path="/media/data/CODES/ccs7_theBeast/_B_dlib_bitfield_dcl/md_theBeast" --include_path="/media/data/CODES/ccs7_theBeast/_B_dlib_bitfield_dcl" --include_path="/opt/ti/c2000ware/driverlib/f2837xd/driverlib" --include_path="/opt/ti/c2000ware/device_support/f2837xd/headers/include" --include_path="/opt/ti/c2000ware/device_support/f2837xd/common/include" --include_path="/opt/ti/c2000ware/libraries/control/DCL/c28/include" --advice:performance=all --define=CPU1 -g --c99 --diag_warning=225 --diag_wrap=off --display_error_number --preproc_with_compile --preproc_dependency="device/driverlib/sci.d" --obj_directory="device/driverlib"  "../device/driverlib/sci.c"
Finished building: ../device/driverlib/sci.c
 
Building file: ../device/driverlib/spi.c
Invoking: C2000 Compiler
"/opt/ti/ccsv7/tools/compiler/ti-cgt-c2000_17.3.0.STS/bin/cl2000" -v28 -ml -mt --cla_support=cla1 --float_support=fpu32 --tmu_support=tmu0 --vcu_support=vcu2 -O2 --opt_for_speed=0 --fp_mode=relaxed --include_path="/opt/ti/ccsv7/tools/compiler/ti-cgt-c2000_17.3.0.STS/include" --include_path="/media/data/CODES/ccs7_theBeast/_B_dlib_bitfield_dcl/device" --include_path="/media/data/CODES/ccs7_theBeast/_B_dlib_bitfield_dcl/md_theBeast" --include_path="/media/data/CODES/ccs7_theBeast/_B_dlib_bitfield_dcl" --include_path="/opt/ti/c2000ware/driverlib/f2837xd/driverlib" --include_path="/opt/ti/c2000ware/device_support/f2837xd/headers/include" --include_path="/opt/ti/c2000ware/device_support/f2837xd/common/include" --include_path="/opt/ti/c2000ware/libraries/control/DCL/c28/include" --advice:performance=all --define=CPU1 -g --c99 --diag_warning=225 --diag_wrap=off --display_error_number --preproc_with_compile --preproc_dependency="device/driverlib/spi.d" --obj_directory="device/driverlib"  "../device/driverlib/spi.c"
Finished building: ../device/driverlib/spi.c
 
Building file: ../device/driverlib/version.c
Invoking: C2000 Compiler
"/opt/ti/ccsv7/tools/compiler/ti-cgt-c2000_17.3.0.STS/bin/cl2000" -v28 -ml -mt --cla_support=cla1 --float_support=fpu32 --tmu_support=tmu0 --vcu_support=vcu2 -O2 --opt_for_speed=0 --fp_mode=relaxed --include_path="/opt/ti/ccsv7/tools/compiler/ti-cgt-c2000_17.3.0.STS/include" --include_path="/media/data/CODES/ccs7_theBeast/_B_dlib_bitfield_dcl/device" --include_path="/media/data/CODES/ccs7_theBeast/_B_dlib_bitfield_dcl/md_theBeast" --include_path="/media/data/CODES/ccs7_theBeast/_B_dlib_bitfield_dcl" --include_path="/opt/ti/c2000ware/driverlib/f2837xd/driverlib" --include_path="/opt/ti/c2000ware/device_support/f2837xd/headers/include" --include_path="/opt/ti/c2000ware/device_support/f2837xd/common/include" --include_path="/opt/ti/c2000ware/libraries/control/DCL/c28/include" --advice:performance=all --define=CPU1 -g --c99 --diag_warning=225 --diag_wrap=off --display_error_number --preproc_with_compile --preproc_dependency="device/driverlib/version.d" --obj_directory="device/driverlib"  "../device/driverlib/version.c"
Finished building: ../device/driverlib/version.c
 
Building file: ../device/driverlib/memcfg.c
Invoking: C2000 Compiler
"/opt/ti/ccsv7/tools/compiler/ti-cgt-c2000_17.3.0.STS/bin/cl2000" -v28 -ml -mt --cla_support=cla1 --float_support=fpu32 --tmu_support=tmu0 --vcu_support=vcu2 -O2 --opt_for_speed=0 --fp_mode=relaxed --include_path="/opt/ti/ccsv7/tools/compiler/ti-cgt-c2000_17.3.0.STS/include" --include_path="/media/data/CODES/ccs7_theBeast/_B_dlib_bitfield_dcl/device" --include_path="/media/data/CODES/ccs7_theBeast/_B_dlib_bitfield_dcl/md_theBeast" --include_path="/media/data/CODES/ccs7_theBeast/_B_dlib_bitfield_dcl" --include_path="/opt/ti/c2000ware/driverlib/f2837xd/driverlib" --include_path="/opt/ti/c2000ware/device_support/f2837xd/headers/include" --include_path="/opt/ti/c2000ware/device_support/f2837xd/common/include" --include_path="/opt/ti/c2000ware/libraries/control/DCL/c28/include" --advice:performance=all --define=CPU1 -g --c99 --diag_warning=225 --diag_wrap=off --display_error_number --preproc_with_compile --preproc_dependency="device/driverlib/memcfg.d" --obj_directory="device/driverlib"  "../device/driverlib/memcfg.c"
Finished building: ../device/driverlib/memcfg.c
 
Building file: ../src/DCL_clamp_C1.asm
Invoking: C2000 Compiler
"/opt/ti/ccsv7/tools/compiler/ti-cgt-c2000_17.3.0.STS/bin/cl2000" -v28 -ml -mt --cla_support=cla1 --float_support=fpu32 --tmu_support=tmu0 --vcu_support=vcu2 -O2 --opt_for_speed=0 --fp_mode=relaxed --include_path="/opt/ti/ccsv7/tools/compiler/ti-cgt-c2000_17.3.0.STS/include" --include_path="/media/data/CODES/ccs7_theBeast/_B_dlib_bitfield_dcl/device" --include_path="/media/data/CODES/ccs7_theBeast/_B_dlib_bitfield_dcl/md_theBeast" --include_path="/media/data/CODES/ccs7_theBeast/_B_dlib_bitfield_dcl" --include_path="/opt/ti/c2000ware/driverlib/f2837xd/driverlib" --include_path="/opt/ti/c2000ware/device_support/f2837xd/headers/include" --include_path="/opt/ti/c2000ware/device_support/f2837xd/common/include" --include_path="/opt/ti/c2000ware/libraries/control/DCL/c28/include" --advice:performance=all --define=CPU1 -g --c99 --diag_warning=225 --diag_wrap=off --display_error_number --preproc_with_compile --preproc_dependency="src/DCL_clamp_C1.d" --obj_directory="src"  "../src/DCL_clamp_C1.asm"
Finished building: ../src/DCL_clamp_C1.asm
 
Building file: ../src/DCL_PID_C4.asm
Invoking: C2000 Compiler
"/opt/ti/ccsv7/tools/compiler/ti-cgt-c2000_17.3.0.STS/bin/cl2000" -v28 -ml -mt --cla_support=cla1 --float_support=fpu32 --tmu_support=tmu0 --vcu_support=vcu2 -O2 --opt_for_speed=0 --fp_mode=relaxed --include_path="/opt/ti/ccsv7/tools/compiler/ti-cgt-c2000_17.3.0.STS/include" --include_path="/media/data/CODES/ccs7_theBeast/_B_dlib_bitfield_dcl/device" --include_path="/media/data/CODES/ccs7_theBeast/_B_dlib_bitfield_dcl/md_theBeast" --include_path="/media/data/CODES/ccs7_theBeast/_B_dlib_bitfield_dcl" --include_path="/opt/ti/c2000ware/driverlib/f2837xd/driverlib" --include_path="/opt/ti/c2000ware/device_support/f2837xd/headers/include" --include_path="/opt/ti/c2000ware/device_support/f2837xd/common/include" --include_path="/opt/ti/c2000ware/libraries/control/DCL/c28/include" --advice:performance=all --define=CPU1 -g --c99 --diag_warning=225 --diag_wrap=off --display_error_number --preproc_with_compile --preproc_dependency="src/DCL_PID_C4.d" --obj_directory="src"  "../src/DCL_PID_C4.asm"
Finished building: ../src/DCL_PID_C4.asm
 
Building file: ../device/driverlib/upp.c
Invoking: C2000 Compiler
"/opt/ti/ccsv7/tools/compiler/ti-cgt-c2000_17.3.0.STS/bin/cl2000" -v28 -ml -mt --cla_support=cla1 --float_support=fpu32 --tmu_support=tmu0 --vcu_support=vcu2 -O2 --opt_for_speed=0 --fp_mode=relaxed --include_path="/opt/ti/ccsv7/tools/compiler/ti-cgt-c2000_17.3.0.STS/include" --include_path="/media/data/CODES/ccs7_theBeast/_B_dlib_bitfield_dcl/device" --include_path="/media/data/CODES/ccs7_theBeast/_B_dlib_bitfield_dcl/md_theBeast" --include_path="/media/data/CODES/ccs7_theBeast/_B_dlib_bitfield_dcl" --include_path="/opt/ti/c2000ware/driverlib/f2837xd/driverlib" --include_path="/opt/ti/c2000ware/device_support/f2837xd/headers/include" --include_path="/opt/ti/c2000ware/device_support/f2837xd/common/include" --include_path="/opt/ti/c2000ware/libraries/control/DCL/c28/include" --advice:performance=all --define=CPU1 -g --c99 --diag_warning=225 --diag_wrap=off --display_error_number --preproc_with_compile --preproc_dependency="device/driverlib/upp.d" --obj_directory="device/driverlib"  "../device/driverlib/upp.c"
Finished building: ../device/driverlib/upp.c
 
Building file: ../device/driverlib/xbar.c
Invoking: C2000 Compiler
"/opt/ti/ccsv7/tools/compiler/ti-cgt-c2000_17.3.0.STS/bin/cl2000" -v28 -ml -mt --cla_support=cla1 --float_support=fpu32 --tmu_support=tmu0 --vcu_support=vcu2 -O2 --opt_for_speed=0 --fp_mode=relaxed --include_path="/opt/ti/ccsv7/tools/compiler/ti-cgt-c2000_17.3.0.STS/include" --include_path="/media/data/CODES/ccs7_theBeast/_B_dlib_bitfield_dcl/device" --include_path="/media/data/CODES/ccs7_theBeast/_B_dlib_bitfield_dcl/md_theBeast" --include_path="/media/data/CODES/ccs7_theBeast/_B_dlib_bitfield_dcl" --include_path="/opt/ti/c2000ware/driverlib/f2837xd/driverlib" --include_path="/opt/ti/c2000ware/device_support/f2837xd/headers/include" --include_path="/opt/ti/c2000ware/device_support/f2837xd/common/include" --include_path="/opt/ti/c2000ware/libraries/control/DCL/c28/include" --advice:performance=all --define=CPU1 -g --c99 --diag_warning=225 --diag_wrap=off --display_error_number --preproc_with_compile --preproc_dependency="device/driverlib/xbar.d" --obj_directory="device/driverlib"  "../device/driverlib/xbar.c"
Finished building: ../device/driverlib/xbar.c
 
Building file: ../bsp/F2837xD_GlobalVariableDefs.c
Invoking: C2000 Compiler
"/opt/ti/ccsv7/tools/compiler/ti-cgt-c2000_17.3.0.STS/bin/cl2000" -v28 -ml -mt --cla_support=cla1 --float_support=fpu32 --tmu_support=tmu0 --vcu_support=vcu2 -O2 --opt_for_speed=0 --fp_mode=relaxed --include_path="/opt/ti/ccsv7/tools/compiler/ti-cgt-c2000_17.3.0.STS/include" --include_path="/media/data/CODES/ccs7_theBeast/_B_dlib_bitfield_dcl/device" --include_path="/media/data/CODES/ccs7_theBeast/_B_dlib_bitfield_dcl/md_theBeast" --include_path="/media/data/CODES/ccs7_theBeast/_B_dlib_bitfield_dcl" --include_path="/opt/ti/c2000ware/driverlib/f2837xd/driverlib" --include_path="/opt/ti/c2000ware/device_support/f2837xd/headers/include" --include_path="/opt/ti/c2000ware/device_support/f2837xd/common/include" --include_path="/opt/ti/c2000ware/libraries/control/DCL/c28/include" --advice:performance=all --define=CPU1 -g --c99 --diag_warning=225 --diag_wrap=off --display_error_number --preproc_with_compile --preproc_dependency="bsp/F2837xD_GlobalVariableDefs.d" --obj_directory="bsp"  "../bsp/F2837xD_GlobalVariableDefs.c"
Finished building: ../bsp/F2837xD_GlobalVariableDefs.c
 
Building file: ../md_theBeast/md_gpio.c
Invoking: C2000 Compiler
"/opt/ti/ccsv7/tools/compiler/ti-cgt-c2000_17.3.0.STS/bin/cl2000" -v28 -ml -mt --cla_support=cla1 --float_support=fpu32 --tmu_support=tmu0 --vcu_support=vcu2 -O2 --opt_for_speed=0 --fp_mode=relaxed --include_path="/opt/ti/ccsv7/tools/compiler/ti-cgt-c2000_17.3.0.STS/include" --include_path="/media/data/CODES/ccs7_theBeast/_B_dlib_bitfield_dcl/device" --include_path="/media/data/CODES/ccs7_theBeast/_B_dlib_bitfield_dcl/md_theBeast" --include_path="/media/data/CODES/ccs7_theBeast/_B_dlib_bitfield_dcl" --include_path="/opt/ti/c2000ware/driverlib/f2837xd/driverlib" --include_path="/opt/ti/c2000ware/device_support/f2837xd/headers/include" --include_path="/opt/ti/c2000ware/device_support/f2837xd/common/include" --include_path="/opt/ti/c2000ware/libraries/control/DCL/c28/include" --advice:performance=all --define=CPU1 -g --c99 --diag_warning=225 --diag_wrap=off --display_error_number --preproc_with_compile --preproc_dependency="md_theBeast/md_gpio.d" --obj_directory="md_theBeast"  "../md_theBeast/md_gpio.c"
Finished building: ../md_theBeast/md_gpio.c
 
Building file: ../device/driverlib/sysctl.c
Invoking: C2000 Compiler
"/opt/ti/ccsv7/tools/compiler/ti-cgt-c2000_17.3.0.STS/bin/cl2000" -v28 -ml -mt --cla_support=cla1 --float_support=fpu32 --tmu_support=tmu0 --vcu_support=vcu2 -O2 --opt_for_speed=0 --fp_mode=relaxed --include_path="/opt/ti/ccsv7/tools/compiler/ti-cgt-c2000_17.3.0.STS/include" --include_path="/media/data/CODES/ccs7_theBeast/_B_dlib_bitfield_dcl/device" --include_path="/media/data/CODES/ccs7_theBeast/_B_dlib_bitfield_dcl/md_theBeast" --include_path="/media/data/CODES/ccs7_theBeast/_B_dlib_bitfield_dcl" --include_path="/opt/ti/c2000ware/driverlib/f2837xd/driverlib" --include_path="/opt/ti/c2000ware/device_support/f2837xd/headers/include" --include_path="/opt/ti/c2000ware/device_support/f2837xd/common/include" --include_path="/opt/ti/c2000ware/libraries/control/DCL/c28/include" --advice:performance=all --define=CPU1 -g --c99 --diag_warning=225 --diag_wrap=off --display_error_number --preproc_with_compile --preproc_dependency="device/driverlib/sysctl.d" --obj_directory="device/driverlib"  "../device/driverlib/sysctl.c"
Finished building: ../device/driverlib/sysctl.c
 
Building file: ../device/driverlib/mcbsp.c
Invoking: C2000 Compiler
"/opt/ti/ccsv7/tools/compiler/ti-cgt-c2000_17.3.0.STS/bin/cl2000" -v28 -ml -mt --cla_support=cla1 --float_support=fpu32 --tmu_support=tmu0 --vcu_support=vcu2 -O2 --opt_for_speed=0 --fp_mode=relaxed --include_path="/opt/ti/ccsv7/tools/compiler/ti-cgt-c2000_17.3.0.STS/include" --include_path="/media/data/CODES/ccs7_theBeast/_B_dlib_bitfield_dcl/device" --include_path="/media/data/CODES/ccs7_theBeast/_B_dlib_bitfield_dcl/md_theBeast" --include_path="/media/data/CODES/ccs7_theBeast/_B_dlib_bitfield_dcl" --include_path="/opt/ti/c2000ware/driverlib/f2837xd/driverlib" --include_path="/opt/ti/c2000ware/device_support/f2837xd/headers/include" --include_path="/opt/ti/c2000ware/device_support/f2837xd/common/include" --include_path="/opt/ti/c2000ware/libraries/control/DCL/c28/include" --advice:performance=all --define=CPU1 -g --c99 --diag_warning=225 --diag_wrap=off --display_error_number --preproc_with_compile --preproc_dependency="device/driverlib/mcbsp.d" --obj_directory="device/driverlib"  "../device/driverlib/mcbsp.c"
Finished building: ../device/driverlib/mcbsp.c
 
gmake: Target 'all' not remade because of errors.

**** Build Finished ****
