
**** Build of configuration CPU1_Flash for project _md_LaunchPad_demo_28379D ****

/opt/ti/ccsv7/utils/bin/gmake -k all 
Building file: ../md_LaunchPad_demo_28379D.c
Invoking: C2000 Compiler
"/opt/ti/ccsv7/tools/compiler/ti-cgt-c2000_17.3.0.STS/bin/cl2000" -v28 -ml -mt --cla_support=cla1 --float_support=fpu32 --tmu_support=tmu0 --vcu_support=vcu2 -O4 --opt_for_speed=0 --include_path="/opt/ti/ccsv7/tools/compiler/ti-cgt-c2000_17.3.0.STS/include" --include_path="/media/data/CODES/ccs7_theBeast/_md_LaunchPad_demo_28379D/inc" --include_path="/opt/ti/c2000ware/device_support/f2837xd/headers/include" --include_path="/opt/ti/c2000ware/device_support/f2837xd/common/include" --advice:performance=all --define=CPU1 --define=_LAUNCHXL_F28379D -g --printf_support=minimal --diag_suppress=1311 --diag_suppress=552 --diag_warning=225 --display_error_number --preproc_with_compile --preproc_dependency="md_LaunchPad_demo_28379D.d"  "../md_LaunchPad_demo_28379D.c"
Finished building: ../md_LaunchPad_demo_28379D.c
 
Building target: _md_LaunchPad_demo_28379D.out
Invoking: C2000 Linker
"/opt/ti/ccsv7/tools/compiler/ti-cgt-c2000_17.3.0.STS/bin/cl2000" -v28 -ml -mt --cla_support=cla1 --float_support=fpu32 --tmu_support=tmu0 --vcu_support=vcu2 -O4 --opt_for_speed=0 --advice:performance=all --define=CPU1 --define=_LAUNCHXL_F28379D -g --printf_support=minimal --diag_suppress=1311 --diag_suppress=552 --diag_warning=225 --display_error_number -z -m"_md_LaunchPad_demo_28379D.map" --heap_size=0x400 --stack_size=0x100 --warn_sections -i"/opt/ti/ccsv7/tools/compiler/ti-cgt-c2000_17.3.0.STS/lib" -i"/opt/ti/ccsv7/tools/compiler/ti-cgt-c2000_17.3.0.STS/include" --reread_libs --display_error_number --xml_link_info="_md_LaunchPad_demo_28379D_linkInfo.xml" --rom_model -o "_md_LaunchPad_demo_28379D.out" "./md_LaunchPad_demo_28379D.obj" "./bsp/F2837xD_Adc.obj" "./bsp/F2837xD_CodeStartBranch.obj" "./bsp/F2837xD_CpuTimers.obj" "./bsp/F2837xD_DefaultISR.obj" "./bsp/F2837xD_GlobalVariableDefs.obj" "./bsp/F2837xD_Gpio.obj" "./bsp/F2837xD_PieCtrl.obj" "./bsp/F2837xD_PieVect.obj" "./bsp/F2837xD_Sci.obj" "./bsp/F2837xD_SysCtrl.obj" "./bsp/F2837xD_usDelay.obj" "./src/sci_io.obj" "../linker/2837xD_FLASH_lnk_cpu1.cmd" "../linker/F2837xD_Headers_nonBIOS_cpu1.cmd"  -lrts2800_fpu32.lib -llibc.a 
<Linking>
Finished building target: _md_LaunchPad_demo_28379D.out
 
Invoking: C2000 Hex Utility
"/opt/ti/ccsv7/tools/compiler/ti-cgt-c2000_17.3.0.STS/bin/hex2000"  -o "_md_LaunchPad_demo_28379D.hex"  "_md_LaunchPad_demo_28379D.out" 
Translating to Extended Tektronix format...
   "_md_LaunchPad_demo_28379D.out" codestart ==> codestart
   "_md_LaunchPad_demo_28379D.out" .cinit ==> .cinit
   "_md_LaunchPad_demo_28379D.out" .text ==> .text
   "_md_LaunchPad_demo_28379D.out" .TI.ramfunc ==> .TI.ramfunc
   "_md_LaunchPad_demo_28379D.out" .econst ==> .econst
Finished building: _md_LaunchPad_demo_28379D.hex
 

**** Build Finished ****
