
**** Build of configuration CPU1_RAM for project adc_soc_software_sync_cpu01 ****

/opt/ti/ccsv7/utils/bin/gmake -k all 
Building file: /opt/ti/c2000ware/device_support/f2837xd/common/source/F2837xD_Adc.c
Invoking: C2000 Compiler
"/opt/ti/ccsv7/tools/compiler/ti-cgt-c2000_16.9.1.LTS/bin/cl2000" -v28 -ml -mt --vcu_support=vcu2 --cla_support=cla1 --float_support=fpu32 --tmu_support=tmu0 --include_path="/opt/ti/ccsv7/tools/compiler/ti-cgt-c2000_16.9.1.LTS/include" --include_path="/opt/ti/c2000ware/device_support/f2837xd/headers/include" --include_path="/opt/ti/c2000ware/device_support/f2837xd/common/include" -g --define=CPU1 --display_error_number --diag_warning=225 --diag_suppress=1311 --preproc_with_compile --preproc_dependency="F2837xD_Adc.d"  "/opt/ti/c2000ware/device_support/f2837xd/common/source/F2837xD_Adc.c"
Finished building: /opt/ti/c2000ware/device_support/f2837xd/common/source/F2837xD_Adc.c
 
Building file: /opt/ti/c2000ware/device_support/f2837xd/common/source/F2837xD_CodeStartBranch.asm
Invoking: C2000 Compiler
"/opt/ti/ccsv7/tools/compiler/ti-cgt-c2000_16.9.1.LTS/bin/cl2000" -v28 -ml -mt --vcu_support=vcu2 --cla_support=cla1 --float_support=fpu32 --tmu_support=tmu0 --include_path="/opt/ti/ccsv7/tools/compiler/ti-cgt-c2000_16.9.1.LTS/include" --include_path="/opt/ti/c2000ware/device_support/f2837xd/headers/include" --include_path="/opt/ti/c2000ware/device_support/f2837xd/common/include" -g --define=CPU1 --display_error_number --diag_warning=225 --diag_suppress=1311 --preproc_with_compile --preproc_dependency="F2837xD_CodeStartBranch.d"  "/opt/ti/c2000ware/device_support/f2837xd/common/source/F2837xD_CodeStartBranch.asm"
Finished building: /opt/ti/c2000ware/device_support/f2837xd/common/source/F2837xD_CodeStartBranch.asm
 
Building file: /opt/ti/c2000ware/device_support/f2837xd/common/source/F2837xD_DefaultISR.c
Invoking: C2000 Compiler
"/opt/ti/ccsv7/tools/compiler/ti-cgt-c2000_16.9.1.LTS/bin/cl2000" -v28 -ml -mt --vcu_support=vcu2 --cla_support=cla1 --float_support=fpu32 --tmu_support=tmu0 --include_path="/opt/ti/ccsv7/tools/compiler/ti-cgt-c2000_16.9.1.LTS/include" --include_path="/opt/ti/c2000ware/device_support/f2837xd/headers/include" --include_path="/opt/ti/c2000ware/device_support/f2837xd/common/include" -g --define=CPU1 --display_error_number --diag_warning=225 --diag_suppress=1311 --preproc_with_compile --preproc_dependency="F2837xD_DefaultISR.d"  "/opt/ti/c2000ware/device_support/f2837xd/common/source/F2837xD_DefaultISR.c"
Finished building: /opt/ti/c2000ware/device_support/f2837xd/common/source/F2837xD_DefaultISR.c
 
Building file: /opt/ti/c2000ware/device_support/f2837xd/headers/source/F2837xD_GlobalVariableDefs.c
Invoking: C2000 Compiler
"/opt/ti/ccsv7/tools/compiler/ti-cgt-c2000_16.9.1.LTS/bin/cl2000" -v28 -ml -mt --vcu_support=vcu2 --cla_support=cla1 --float_support=fpu32 --tmu_support=tmu0 --include_path="/opt/ti/ccsv7/tools/compiler/ti-cgt-c2000_16.9.1.LTS/include" --include_path="/opt/ti/c2000ware/device_support/f2837xd/headers/include" --include_path="/opt/ti/c2000ware/device_support/f2837xd/common/include" -g --define=CPU1 --display_error_number --diag_warning=225 --diag_suppress=1311 --preproc_with_compile --preproc_dependency="F2837xD_GlobalVariableDefs.d"  "/opt/ti/c2000ware/device_support/f2837xd/headers/source/F2837xD_GlobalVariableDefs.c"
Finished building: /opt/ti/c2000ware/device_support/f2837xd/headers/source/F2837xD_GlobalVariableDefs.c
 
Building file: /opt/ti/c2000ware/device_support/f2837xd/common/source/F2837xD_Gpio.c
Invoking: C2000 Compiler
"/opt/ti/ccsv7/tools/compiler/ti-cgt-c2000_16.9.1.LTS/bin/cl2000" -v28 -ml -mt --vcu_support=vcu2 --cla_support=cla1 --float_support=fpu32 --tmu_support=tmu0 --include_path="/opt/ti/ccsv7/tools/compiler/ti-cgt-c2000_16.9.1.LTS/include" --include_path="/opt/ti/c2000ware/device_support/f2837xd/headers/include" --include_path="/opt/ti/c2000ware/device_support/f2837xd/common/include" -g --define=CPU1 --display_error_number --diag_warning=225 --diag_suppress=1311 --preproc_with_compile --preproc_dependency="F2837xD_Gpio.d"  "/opt/ti/c2000ware/device_support/f2837xd/common/source/F2837xD_Gpio.c"
Finished building: /opt/ti/c2000ware/device_support/f2837xd/common/source/F2837xD_Gpio.c
 
Building file: /opt/ti/c2000ware/device_support/f2837xd/common/source/F2837xD_PieCtrl.c
Invoking: C2000 Compiler
"/opt/ti/ccsv7/tools/compiler/ti-cgt-c2000_16.9.1.LTS/bin/cl2000" -v28 -ml -mt --vcu_support=vcu2 --cla_support=cla1 --float_support=fpu32 --tmu_support=tmu0 --include_path="/opt/ti/ccsv7/tools/compiler/ti-cgt-c2000_16.9.1.LTS/include" --include_path="/opt/ti/c2000ware/device_support/f2837xd/headers/include" --include_path="/opt/ti/c2000ware/device_support/f2837xd/common/include" -g --define=CPU1 --display_error_number --diag_warning=225 --diag_suppress=1311 --preproc_with_compile --preproc_dependency="F2837xD_PieCtrl.d"  "/opt/ti/c2000ware/device_support/f2837xd/common/source/F2837xD_PieCtrl.c"
Finished building: /opt/ti/c2000ware/device_support/f2837xd/common/source/F2837xD_PieCtrl.c
 
Building file: /opt/ti/c2000ware/device_support/f2837xd/common/source/F2837xD_PieVect.c
Invoking: C2000 Compiler
"/opt/ti/ccsv7/tools/compiler/ti-cgt-c2000_16.9.1.LTS/bin/cl2000" -v28 -ml -mt --vcu_support=vcu2 --cla_support=cla1 --float_support=fpu32 --tmu_support=tmu0 --include_path="/opt/ti/ccsv7/tools/compiler/ti-cgt-c2000_16.9.1.LTS/include" --include_path="/opt/ti/c2000ware/device_support/f2837xd/headers/include" --include_path="/opt/ti/c2000ware/device_support/f2837xd/common/include" -g --define=CPU1 --display_error_number --diag_warning=225 --diag_suppress=1311 --preproc_with_compile --preproc_dependency="F2837xD_PieVect.d"  "/opt/ti/c2000ware/device_support/f2837xd/common/source/F2837xD_PieVect.c"
Finished building: /opt/ti/c2000ware/device_support/f2837xd/common/source/F2837xD_PieVect.c
 
Building file: /opt/ti/c2000ware/device_support/f2837xd/common/source/F2837xD_SysCtrl.c
Invoking: C2000 Compiler
"/opt/ti/ccsv7/tools/compiler/ti-cgt-c2000_16.9.1.LTS/bin/cl2000" -v28 -ml -mt --vcu_support=vcu2 --cla_support=cla1 --float_support=fpu32 --tmu_support=tmu0 --include_path="/opt/ti/ccsv7/tools/compiler/ti-cgt-c2000_16.9.1.LTS/include" --include_path="/opt/ti/c2000ware/device_support/f2837xd/headers/include" --include_path="/opt/ti/c2000ware/device_support/f2837xd/common/include" -g --define=CPU1 --display_error_number --diag_warning=225 --diag_suppress=1311 --preproc_with_compile --preproc_dependency="F2837xD_SysCtrl.d"  "/opt/ti/c2000ware/device_support/f2837xd/common/source/F2837xD_SysCtrl.c"
Finished building: /opt/ti/c2000ware/device_support/f2837xd/common/source/F2837xD_SysCtrl.c
 
Building file: /opt/ti/c2000ware/device_support/f2837xd/common/source/F2837xD_usDelay.asm
Invoking: C2000 Compiler
"/opt/ti/ccsv7/tools/compiler/ti-cgt-c2000_16.9.1.LTS/bin/cl2000" -v28 -ml -mt --vcu_support=vcu2 --cla_support=cla1 --float_support=fpu32 --tmu_support=tmu0 --include_path="/opt/ti/ccsv7/tools/compiler/ti-cgt-c2000_16.9.1.LTS/include" --include_path="/opt/ti/c2000ware/device_support/f2837xd/headers/include" --include_path="/opt/ti/c2000ware/device_support/f2837xd/common/include" -g --define=CPU1 --display_error_number --diag_warning=225 --diag_suppress=1311 --preproc_with_compile --preproc_dependency="F2837xD_usDelay.d"  "/opt/ti/c2000ware/device_support/f2837xd/common/source/F2837xD_usDelay.asm"
Finished building: /opt/ti/c2000ware/device_support/f2837xd/common/source/F2837xD_usDelay.asm
 
Building target: adc_soc_software_sync_cpu01.out
Invoking: C2000 Linker
"/opt/ti/ccsv7/tools/compiler/ti-cgt-c2000_16.9.1.LTS/bin/cl2000" -v28 -ml -mt --vcu_support=vcu2 --cla_support=cla1 --float_support=fpu32 --tmu_support=tmu0 -g --define=CPU1 --display_error_number --diag_warning=225 --diag_suppress=1311 -z -m"adc_soc_software_sync_cpu01.map" --stack_size=0x100 --warn_sections -i"/opt/ti/ccsv7/tools/compiler/ti-cgt-c2000_16.9.1.LTS/lib" -i"/opt/ti/ccsv7/tools/compiler/ti-cgt-c2000_16.9.1.LTS/include" -i"/opt/ti/c2000ware/device_support/f2837xd/common/cmd" -i"/opt/ti/c2000ware/device_support/f2837xd/headers/cmd" --reread_libs --display_error_number --xml_link_info="adc_soc_software_sync_cpu01_linkInfo.xml" --rom_model -o "adc_soc_software_sync_cpu01.out" "./F2837xD_Adc.obj" "./F2837xD_CodeStartBranch.obj" "./F2837xD_DefaultISR.obj" "./F2837xD_GlobalVariableDefs.obj" "./F2837xD_Gpio.obj" "./F2837xD_Ipc.obj" "./F2837xD_PieCtrl.obj" "./F2837xD_PieVect.obj" "./F2837xD_SysCtrl.obj" "./F2837xD_usDelay.obj" "./adc_soc_software_sync_cpu01.obj"  -lrts2800_fpu32.lib -l2837xD_RAM_lnk_cpu1.cmd -lF2837xD_Headers_nonBIOS_cpu1.cmd -llibc.a 
<Linking>
Finished building target: adc_soc_software_sync_cpu01.out
 

**** Build Finished ****
