
**** Build of configuration CPU1_RAM for project empty_driverlib_project_cpu1 ****

/opt/ti/ccsv7/utils/bin/gmake -k -j 8 all -O 
Building file: ../device/driverlib/usb.c
Invoking: C2000 Compiler
"/opt/ti/ccsv7/tools/compiler/ti-cgt-c2000_16.9.1.LTS/bin/cl2000" -v28 -ml -mt --cla_support=cla1 --float_support=fpu32 --tmu_support=tmu0 --vcu_support=vcu2 -Ooff --include_path="/opt/ti/controlSUITE/device_support/F2837xD/v200/common/driverlib" --include_path="/media/data/CODES/ccs7_theBeast/empty_driverlib_project_cpu1" --include_path="/media/data/CODES/ccs7_theBeast/empty_driverlib_project_cpu1/device" --include_path="/opt/ti/ccsv7/tools/compiler/ti-cgt-c2000_16.9.1.LTS/include" --define=DEBUG --define=CPU1 --diag_suppress=10063 --diag_warning=225 --diag_wrap=off --display_error_number --preproc_with_compile --preproc_dependency="device/driverlib/usb.d" --obj_directory="device/driverlib"  "../device/driverlib/usb.c"

>> Compilation failure
device/driverlib/subdir_rules.mk:182: recipe for target 'device/driverlib/usb.obj' failed
"../device/driverlib/usb.c", line 25: fatal error #1965: cannot open source file "inc/hw_usb.h"
1 catastrophic error detected in the compilation of "../device/driverlib/usb.c".
Compilation terminated.
gmake: *** [device/driverlib/usb.obj] Error 1
Building file: ../empty_driverlib_main_cpu1.c
Invoking: C2000 Compiler
"/opt/ti/ccsv7/tools/compiler/ti-cgt-c2000_16.9.1.LTS/bin/cl2000" -v28 -ml -mt --cla_support=cla1 --float_support=fpu32 --tmu_support=tmu0 --vcu_support=vcu2 -Ooff --include_path="/opt/ti/controlSUITE/device_support/F2837xD/v200/common/driverlib" --include_path="/media/data/CODES/ccs7_theBeast/empty_driverlib_project_cpu1" --include_path="/media/data/CODES/ccs7_theBeast/empty_driverlib_project_cpu1/device" --include_path="/opt/ti/ccsv7/tools/compiler/ti-cgt-c2000_16.9.1.LTS/include" --define=DEBUG --define=CPU1 --diag_suppress=10063 --diag_warning=225 --diag_wrap=off --display_error_number --preproc_with_compile --preproc_dependency="empty_driverlib_main_cpu1.d"  "../empty_driverlib_main_cpu1.c"

>> Compilation failure
subdir_rules.mk:7: recipe for target 'empty_driverlib_main_cpu1.obj' failed
At end of source: error #68: expected a "}"
1 error detected in the compilation of "../empty_driverlib_main_cpu1.c".
gmake: *** [empty_driverlib_main_cpu1.obj] Error 1
gmake: Target 'all' not remade because of errors.

**** Build Finished ****
