
**** Build of configuration DEBUG for project F28069_PI ****

/opt/ti/ccsv7/utils/bin/gmake -k -j 8 all -O 
Building file: ../DCL_PI_L1.asm
Invoking: C2000 Compiler
"/opt/ti/ccsv7/tools/compiler/ti-cgt-c2000_17.3.0.STS/bin/cl2000" -v28 -ml -mt --cla_support=cla1 --float_support=fpu32 --tmu_support=tmu0 --vcu_support=vcu2 -Ooff --include_path="/media/data/CODES/ccs7_theBeast/F28069_PI" --include_path="/opt/ti/c2000ware/device_support/f2806x/headers/include" --include_path="/opt/ti/c2000ware/device_support/f2806x/common/include" --include_path="/opt/ti/c2000ware/libraries/control/DCL/c28/include" --include_path="/opt/ti/c2000ware/libraries/control/DCL/c28/examples/F28069_PI_CLA" --include_path="/opt/ti/ccsv7/tools/compiler/ti-cgt-c2000_17.3.0.STS/include" --define=DEBUG -g --diag_suppress=10063,303 --diag_warning=225 --diag_wrap=off --display_error_number --preproc_with_compile --preproc_dependency="DCL_PI_L1.d"  "../DCL_PI_L1.asm"
Finished building: ../DCL_PI_L1.asm
 
Building file: ../F28069_PI_CLA.cla
Invoking: C2000 Compiler
"/opt/ti/ccsv7/tools/compiler/ti-cgt-c2000_17.3.0.STS/bin/cl2000" -v28 -ml -mt --cla_support=cla1 --float_support=fpu32 --tmu_support=tmu0 --vcu_support=vcu2 -Ooff --include_path="/media/data/CODES/ccs7_theBeast/F28069_PI" --include_path="/opt/ti/c2000ware/device_support/f2806x/headers/include" --include_path="/opt/ti/c2000ware/device_support/f2806x/common/include" --include_path="/opt/ti/c2000ware/libraries/control/DCL/c28/include" --include_path="/opt/ti/c2000ware/libraries/control/DCL/c28/examples/F28069_PI_CLA" --include_path="/opt/ti/ccsv7/tools/compiler/ti-cgt-c2000_17.3.0.STS/include" --define=DEBUG -g --diag_suppress=10063,303 --diag_warning=225 --diag_wrap=off --display_error_number --preproc_with_compile --preproc_dependency="F28069_PI_CLA.d"  "../F28069_PI_CLA.cla"

>> Compilation failure
subdir_rules.mk:21: recipe for target 'F28069_PI_CLA.obj' failed
"/opt/ti/c2000ware/device_support/f2806x/common/include/F2806x_Cla_typedefs.h", line 120: error #452: the type "long long" is nonstandard
1 error detected in the compilation of "../F28069_PI_CLA.cla".
gmake: *** [F28069_PI_CLA.obj] Error 1
Building file: ../Example_F28069_PI.c
Invoking: C2000 Compiler
"/opt/ti/ccsv7/tools/compiler/ti-cgt-c2000_17.3.0.STS/bin/cl2000" -v28 -ml -mt --cla_support=cla1 --float_support=fpu32 --tmu_support=tmu0 --vcu_support=vcu2 -Ooff --include_path="/media/data/CODES/ccs7_theBeast/F28069_PI" --include_path="/opt/ti/c2000ware/device_support/f2806x/headers/include" --include_path="/opt/ti/c2000ware/device_support/f2806x/common/include" --include_path="/opt/ti/c2000ware/libraries/control/DCL/c28/include" --include_path="/opt/ti/c2000ware/libraries/control/DCL/c28/examples/F28069_PI_CLA" --include_path="/opt/ti/ccsv7/tools/compiler/ti-cgt-c2000_17.3.0.STS/include" --define=DEBUG -g --diag_suppress=10063,303 --diag_warning=225 --diag_wrap=off --display_error_number --preproc_with_compile --preproc_dependency="Example_F28069_PI.d"  "../Example_F28069_PI.c"
"../Example_F28069_PI.c", line 173 (col. 48): advice #2614-D: (Performance) Use --fp_mode=relaxed to enable TMU hardware support for FP division.
Finished building: ../Example_F28069_PI.c
 
gmake: Target 'all' not remade because of errors.

**** Build Finished ****
