
**** Build of configuration CPU1_RAM for project md_dac_sine_cpu01 ****

/opt/ti/ccsv7/utils/bin/gmake -k all 
Building file: ../SINTB360.asm
Invoking: C2000 Compiler
"/opt/ti/ccsv7/tools/compiler/ti-cgt-c2000_17.3.0.STS/bin/cl2000" -v28 -ml -mt --cla_support=cla1 --float_support=fpu32 --tmu_support=tmu0 --vcu_support=vcu2 --fp_mode=relaxed --include_path="/opt/ti/ccsv7/tools/compiler/ti-cgt-c2000_17.3.0.STS/include" --include_path="/opt/ti/c2000ware/libraries/dsp/SGEN/c28/include" --include_path="/opt/ti/c2000ware/device_support/f2837xd/headers/include" --include_path="/opt/ti/c2000ware/device_support/f2837xd/common/include" --define=CPU1 -g --diag_warning=225 --display_error_number --preproc_with_compile --preproc_dependency="SINTB360.d"  "../SINTB360.asm"
Finished building: ../SINTB360.asm
 
Building file: ../buffdac_sine_cpu01.c
Invoking: C2000 Compiler
"/opt/ti/ccsv7/tools/compiler/ti-cgt-c2000_17.3.0.STS/bin/cl2000" -v28 -ml -mt --cla_support=cla1 --float_support=fpu32 --tmu_support=tmu0 --vcu_support=vcu2 --fp_mode=relaxed --include_path="/opt/ti/ccsv7/tools/compiler/ti-cgt-c2000_17.3.0.STS/include" --include_path="/opt/ti/c2000ware/libraries/dsp/SGEN/c28/include" --include_path="/opt/ti/c2000ware/device_support/f2837xd/headers/include" --include_path="/opt/ti/c2000ware/device_support/f2837xd/common/include" --define=CPU1 -g --diag_warning=225 --display_error_number --preproc_with_compile --preproc_dependency="buffdac_sine_cpu01.d"  "../buffdac_sine_cpu01.c"
Finished building: ../buffdac_sine_cpu01.c
 
Building file: ../sghp1c.asm
Invoking: C2000 Compiler
"/opt/ti/ccsv7/tools/compiler/ti-cgt-c2000_17.3.0.STS/bin/cl2000" -v28 -ml -mt --cla_support=cla1 --float_support=fpu32 --tmu_support=tmu0 --vcu_support=vcu2 --fp_mode=relaxed --include_path="/opt/ti/ccsv7/tools/compiler/ti-cgt-c2000_17.3.0.STS/include" --include_path="/opt/ti/c2000ware/libraries/dsp/SGEN/c28/include" --include_path="/opt/ti/c2000ware/device_support/f2837xd/headers/include" --include_path="/opt/ti/c2000ware/device_support/f2837xd/common/include" --define=CPU1 -g --diag_warning=225 --display_error_number --preproc_with_compile --preproc_dependency="sghp1c.d"  "../sghp1c.asm"
Finished building: ../sghp1c.asm
 
Building file: ../sgti1c.asm
Invoking: C2000 Compiler
"/opt/ti/ccsv7/tools/compiler/ti-cgt-c2000_17.3.0.STS/bin/cl2000" -v28 -ml -mt --cla_support=cla1 --float_support=fpu32 --tmu_support=tmu0 --vcu_support=vcu2 --fp_mode=relaxed --include_path="/opt/ti/ccsv7/tools/compiler/ti-cgt-c2000_17.3.0.STS/include" --include_path="/opt/ti/c2000ware/libraries/dsp/SGEN/c28/include" --include_path="/opt/ti/c2000ware/device_support/f2837xd/headers/include" --include_path="/opt/ti/c2000ware/device_support/f2837xd/common/include" --define=CPU1 -g --diag_warning=225 --display_error_number --preproc_with_compile --preproc_dependency="sgti1c.d"  "../sgti1c.asm"
Finished building: ../sgti1c.asm
 
Building file: ../bsp/F2837xD_CodeStartBranch.asm
Invoking: C2000 Compiler
"/opt/ti/ccsv7/tools/compiler/ti-cgt-c2000_17.3.0.STS/bin/cl2000" -v28 -ml -mt --cla_support=cla1 --float_support=fpu32 --tmu_support=tmu0 --vcu_support=vcu2 --fp_mode=relaxed --include_path="/opt/ti/ccsv7/tools/compiler/ti-cgt-c2000_17.3.0.STS/include" --include_path="/opt/ti/c2000ware/libraries/dsp/SGEN/c28/include" --include_path="/opt/ti/c2000ware/device_support/f2837xd/headers/include" --include_path="/opt/ti/c2000ware/device_support/f2837xd/common/include" --define=CPU1 -g --diag_warning=225 --display_error_number --preproc_with_compile --preproc_dependency="bsp/F2837xD_CodeStartBranch.d" --obj_directory="bsp"  "../bsp/F2837xD_CodeStartBranch.asm"
Finished building: ../bsp/F2837xD_CodeStartBranch.asm
 
Building file: ../bsp/F2837xD_CpuTimers.c
Invoking: C2000 Compiler
"/opt/ti/ccsv7/tools/compiler/ti-cgt-c2000_17.3.0.STS/bin/cl2000" -v28 -ml -mt --cla_support=cla1 --float_support=fpu32 --tmu_support=tmu0 --vcu_support=vcu2 --fp_mode=relaxed --include_path="/opt/ti/ccsv7/tools/compiler/ti-cgt-c2000_17.3.0.STS/include" --include_path="/opt/ti/c2000ware/libraries/dsp/SGEN/c28/include" --include_path="/opt/ti/c2000ware/device_support/f2837xd/headers/include" --include_path="/opt/ti/c2000ware/device_support/f2837xd/common/include" --define=CPU1 -g --diag_warning=225 --display_error_number --preproc_with_compile --preproc_dependency="bsp/F2837xD_CpuTimers.d" --obj_directory="bsp"  "../bsp/F2837xD_CpuTimers.c"
Finished building: ../bsp/F2837xD_CpuTimers.c
 
Building file: ../bsp/F2837xD_DefaultISR.c
Invoking: C2000 Compiler
"/opt/ti/ccsv7/tools/compiler/ti-cgt-c2000_17.3.0.STS/bin/cl2000" -v28 -ml -mt --cla_support=cla1 --float_support=fpu32 --tmu_support=tmu0 --vcu_support=vcu2 --fp_mode=relaxed --include_path="/opt/ti/ccsv7/tools/compiler/ti-cgt-c2000_17.3.0.STS/include" --include_path="/opt/ti/c2000ware/libraries/dsp/SGEN/c28/include" --include_path="/opt/ti/c2000ware/device_support/f2837xd/headers/include" --include_path="/opt/ti/c2000ware/device_support/f2837xd/common/include" --define=CPU1 -g --diag_warning=225 --display_error_number --preproc_with_compile --preproc_dependency="bsp/F2837xD_DefaultISR.d" --obj_directory="bsp"  "../bsp/F2837xD_DefaultISR.c"
Finished building: ../bsp/F2837xD_DefaultISR.c
 
Building file: ../bsp/F2837xD_GlobalVariableDefs.c
Invoking: C2000 Compiler
"/opt/ti/ccsv7/tools/compiler/ti-cgt-c2000_17.3.0.STS/bin/cl2000" -v28 -ml -mt --cla_support=cla1 --float_support=fpu32 --tmu_support=tmu0 --vcu_support=vcu2 --fp_mode=relaxed --include_path="/opt/ti/ccsv7/tools/compiler/ti-cgt-c2000_17.3.0.STS/include" --include_path="/opt/ti/c2000ware/libraries/dsp/SGEN/c28/include" --include_path="/opt/ti/c2000ware/device_support/f2837xd/headers/include" --include_path="/opt/ti/c2000ware/device_support/f2837xd/common/include" --define=CPU1 -g --diag_warning=225 --display_error_number --preproc_with_compile --preproc_dependency="bsp/F2837xD_GlobalVariableDefs.d" --obj_directory="bsp"  "../bsp/F2837xD_GlobalVariableDefs.c"
Finished building: ../bsp/F2837xD_GlobalVariableDefs.c
 
Building file: ../bsp/F2837xD_Gpio.c
Invoking: C2000 Compiler
"/opt/ti/ccsv7/tools/compiler/ti-cgt-c2000_17.3.0.STS/bin/cl2000" -v28 -ml -mt --cla_support=cla1 --float_support=fpu32 --tmu_support=tmu0 --vcu_support=vcu2 --fp_mode=relaxed --include_path="/opt/ti/ccsv7/tools/compiler/ti-cgt-c2000_17.3.0.STS/include" --include_path="/opt/ti/c2000ware/libraries/dsp/SGEN/c28/include" --include_path="/opt/ti/c2000ware/device_support/f2837xd/headers/include" --include_path="/opt/ti/c2000ware/device_support/f2837xd/common/include" --define=CPU1 -g --diag_warning=225 --display_error_number --preproc_with_compile --preproc_dependency="bsp/F2837xD_Gpio.d" --obj_directory="bsp"  "../bsp/F2837xD_Gpio.c"
Finished building: ../bsp/F2837xD_Gpio.c
 
Building file: ../bsp/F2837xD_PieCtrl.c
Invoking: C2000 Compiler
"/opt/ti/ccsv7/tools/compiler/ti-cgt-c2000_17.3.0.STS/bin/cl2000" -v28 -ml -mt --cla_support=cla1 --float_support=fpu32 --tmu_support=tmu0 --vcu_support=vcu2 --fp_mode=relaxed --include_path="/opt/ti/ccsv7/tools/compiler/ti-cgt-c2000_17.3.0.STS/include" --include_path="/opt/ti/c2000ware/libraries/dsp/SGEN/c28/include" --include_path="/opt/ti/c2000ware/device_support/f2837xd/headers/include" --include_path="/opt/ti/c2000ware/device_support/f2837xd/common/include" --define=CPU1 -g --diag_warning=225 --display_error_number --preproc_with_compile --preproc_dependency="bsp/F2837xD_PieCtrl.d" --obj_directory="bsp"  "../bsp/F2837xD_PieCtrl.c"
Finished building: ../bsp/F2837xD_PieCtrl.c
 
Building file: ../bsp/F2837xD_PieVect.c
Invoking: C2000 Compiler
"/opt/ti/ccsv7/tools/compiler/ti-cgt-c2000_17.3.0.STS/bin/cl2000" -v28 -ml -mt --cla_support=cla1 --float_support=fpu32 --tmu_support=tmu0 --vcu_support=vcu2 --fp_mode=relaxed --include_path="/opt/ti/ccsv7/tools/compiler/ti-cgt-c2000_17.3.0.STS/include" --include_path="/opt/ti/c2000ware/libraries/dsp/SGEN/c28/include" --include_path="/opt/ti/c2000ware/device_support/f2837xd/headers/include" --include_path="/opt/ti/c2000ware/device_support/f2837xd/common/include" --define=CPU1 -g --diag_warning=225 --display_error_number --preproc_with_compile --preproc_dependency="bsp/F2837xD_PieVect.d" --obj_directory="bsp"  "../bsp/F2837xD_PieVect.c"
Finished building: ../bsp/F2837xD_PieVect.c
 
Building file: ../bsp/F2837xD_SysCtrl.c
Invoking: C2000 Compiler
"/opt/ti/ccsv7/tools/compiler/ti-cgt-c2000_17.3.0.STS/bin/cl2000" -v28 -ml -mt --cla_support=cla1 --float_support=fpu32 --tmu_support=tmu0 --vcu_support=vcu2 --fp_mode=relaxed --include_path="/opt/ti/ccsv7/tools/compiler/ti-cgt-c2000_17.3.0.STS/include" --include_path="/opt/ti/c2000ware/libraries/dsp/SGEN/c28/include" --include_path="/opt/ti/c2000ware/device_support/f2837xd/headers/include" --include_path="/opt/ti/c2000ware/device_support/f2837xd/common/include" --define=CPU1 -g --diag_warning=225 --display_error_number --preproc_with_compile --preproc_dependency="bsp/F2837xD_SysCtrl.d" --obj_directory="bsp"  "../bsp/F2837xD_SysCtrl.c"
Finished building: ../bsp/F2837xD_SysCtrl.c
 
Building file: ../bsp/F2837xD_usDelay.asm
Invoking: C2000 Compiler
"/opt/ti/ccsv7/tools/compiler/ti-cgt-c2000_17.3.0.STS/bin/cl2000" -v28 -ml -mt --cla_support=cla1 --float_support=fpu32 --tmu_support=tmu0 --vcu_support=vcu2 --fp_mode=relaxed --include_path="/opt/ti/ccsv7/tools/compiler/ti-cgt-c2000_17.3.0.STS/include" --include_path="/opt/ti/c2000ware/libraries/dsp/SGEN/c28/include" --include_path="/opt/ti/c2000ware/device_support/f2837xd/headers/include" --include_path="/opt/ti/c2000ware/device_support/f2837xd/common/include" --define=CPU1 -g --diag_warning=225 --display_error_number --preproc_with_compile --preproc_dependency="bsp/F2837xD_usDelay.d" --obj_directory="bsp"  "../bsp/F2837xD_usDelay.asm"
Finished building: ../bsp/F2837xD_usDelay.asm
 
Building target: md_dac_sine_cpu01.out
Invoking: C2000 Linker
"/opt/ti/ccsv7/tools/compiler/ti-cgt-c2000_17.3.0.STS/bin/cl2000" -v28 -ml -mt --cla_support=cla1 --float_support=fpu32 --tmu_support=tmu0 --vcu_support=vcu2 --fp_mode=relaxed --define=CPU1 -g --diag_warning=225 --display_error_number -z -m"md_dac_sine_cpu01.map" --stack_size=0x100 --warn_sections -i"/opt/ti/ccsv7/tools/compiler/ti-cgt-c2000_17.3.0.STS/lib" -i"/opt/ti/c2000ware/libraries/dsp/SGEN/c28/lib" -i"/opt/ti/ccsv7/tools/compiler/ti-cgt-c2000_17.3.0.STS/include" -i"/opt/ti/c2000ware/device_support/f2837xd/common/cmd" -i"/opt/ti/c2000ware/device_support/f2837xd/headers/cmd" --reread_libs --display_error_number --xml_link_info="md_dac_sine_cpu01_linkInfo.xml" --rom_model -o "md_dac_sine_cpu01.out" "./SINTB360.obj" "./buffdac_sine_cpu01.obj" "./sghp1c.obj" "./sgti1c.obj" "./bsp/F2837xD_CodeStartBranch.obj" "./bsp/F2837xD_CpuTimers.obj" "./bsp/F2837xD_DefaultISR.obj" "./bsp/F2837xD_GlobalVariableDefs.obj" "./bsp/F2837xD_Gpio.obj" "./bsp/F2837xD_PieCtrl.obj" "./bsp/F2837xD_PieVect.obj" "./bsp/F2837xD_SysCtrl.obj" "./bsp/F2837xD_usDelay.obj"  -lrts2800_fpu32.lib -lC28x_SGEN_Lib_fpu32.lib -l2837xD_RAM_SGEN_lnk_cpu1.cmd -lF2837xD_Headers_nonBIOS_cpu1.cmd -llibc.a 
<Linking>
Finished building target: md_dac_sine_cpu01.out
 

**** Build Finished ****
