
**** Build of configuration CPU1_RAM for project md_dac_sine_sci_cfgable ****

/opt/ti/ccsv7/utils/bin/gmake -k all 
Building file: ../SINTB360.asm
Invoking: C2000 Compiler
"/opt/ti/ccsv7/tools/compiler/ti-cgt-c2000_17.3.0.STS/bin/cl2000" -v28 -ml -mt --cla_support=cla1 --float_support=fpu32 --tmu_support=tmu0 --vcu_support=vcu2 --fp_mode=relaxed --include_path="/opt/ti/C2000Ware_1_00_00_00_Software/device_support/f2837xd/common/include" --include_path="/opt/ti/C2000Ware_1_00_00_00_Software/device_support/f2837xd/headers/include" --include_path="/opt/ti/ccsv7/tools/compiler/ti-cgt-c2000_17.3.0.STS/include" --include_path="/opt/ti/C2000Ware_1_00_00_00_Software/libraries/dsp/SGEN/c28/include" --define=CPU1 -g --diag_warning=225 --display_error_number --preproc_with_compile --preproc_dependency="SINTB360.d"  "../SINTB360.asm"
Finished building: ../SINTB360.asm
 
Building file: ../buffdac_sine_cpu01.c
Invoking: C2000 Compiler
"/opt/ti/ccsv7/tools/compiler/ti-cgt-c2000_17.3.0.STS/bin/cl2000" -v28 -ml -mt --cla_support=cla1 --float_support=fpu32 --tmu_support=tmu0 --vcu_support=vcu2 --fp_mode=relaxed --include_path="/opt/ti/C2000Ware_1_00_00_00_Software/device_support/f2837xd/common/include" --include_path="/opt/ti/C2000Ware_1_00_00_00_Software/device_support/f2837xd/headers/include" --include_path="/opt/ti/ccsv7/tools/compiler/ti-cgt-c2000_17.3.0.STS/include" --include_path="/opt/ti/C2000Ware_1_00_00_00_Software/libraries/dsp/SGEN/c28/include" --define=CPU1 -g --diag_warning=225 --display_error_number --preproc_with_compile --preproc_dependency="buffdac_sine_cpu01.d"  "../buffdac_sine_cpu01.c"
Finished building: ../buffdac_sine_cpu01.c
 
Building file: ../sghp1c.asm
Invoking: C2000 Compiler
"/opt/ti/ccsv7/tools/compiler/ti-cgt-c2000_17.3.0.STS/bin/cl2000" -v28 -ml -mt --cla_support=cla1 --float_support=fpu32 --tmu_support=tmu0 --vcu_support=vcu2 --fp_mode=relaxed --include_path="/opt/ti/C2000Ware_1_00_00_00_Software/device_support/f2837xd/common/include" --include_path="/opt/ti/C2000Ware_1_00_00_00_Software/device_support/f2837xd/headers/include" --include_path="/opt/ti/ccsv7/tools/compiler/ti-cgt-c2000_17.3.0.STS/include" --include_path="/opt/ti/C2000Ware_1_00_00_00_Software/libraries/dsp/SGEN/c28/include" --define=CPU1 -g --diag_warning=225 --display_error_number --preproc_with_compile --preproc_dependency="sghp1c.d"  "../sghp1c.asm"
Finished building: ../sghp1c.asm
 
Building file: ../sgti1c.asm
Invoking: C2000 Compiler
"/opt/ti/ccsv7/tools/compiler/ti-cgt-c2000_17.3.0.STS/bin/cl2000" -v28 -ml -mt --cla_support=cla1 --float_support=fpu32 --tmu_support=tmu0 --vcu_support=vcu2 --fp_mode=relaxed --include_path="/opt/ti/C2000Ware_1_00_00_00_Software/device_support/f2837xd/common/include" --include_path="/opt/ti/C2000Ware_1_00_00_00_Software/device_support/f2837xd/headers/include" --include_path="/opt/ti/ccsv7/tools/compiler/ti-cgt-c2000_17.3.0.STS/include" --include_path="/opt/ti/C2000Ware_1_00_00_00_Software/libraries/dsp/SGEN/c28/include" --define=CPU1 -g --diag_warning=225 --display_error_number --preproc_with_compile --preproc_dependency="sgti1c.d"  "../sgti1c.asm"
Finished building: ../sgti1c.asm
 
Building file: ../bsp/F2837xD_Adc.c
Invoking: C2000 Compiler
"/opt/ti/ccsv7/tools/compiler/ti-cgt-c2000_17.3.0.STS/bin/cl2000" -v28 -ml -mt --cla_support=cla1 --float_support=fpu32 --tmu_support=tmu0 --vcu_support=vcu2 --fp_mode=relaxed --include_path="/opt/ti/C2000Ware_1_00_00_00_Software/device_support/f2837xd/common/include" --include_path="/opt/ti/C2000Ware_1_00_00_00_Software/device_support/f2837xd/headers/include" --include_path="/opt/ti/ccsv7/tools/compiler/ti-cgt-c2000_17.3.0.STS/include" --include_path="/opt/ti/C2000Ware_1_00_00_00_Software/libraries/dsp/SGEN/c28/include" --define=CPU1 -g --diag_warning=225 --display_error_number --preproc_with_compile --preproc_dependency="bsp/F2837xD_Adc.d" --obj_directory="bsp"  "../bsp/F2837xD_Adc.c"
Finished building: ../bsp/F2837xD_Adc.c
 
Building file: ../bsp/F2837xD_CodeStartBranch.asm
Invoking: C2000 Compiler
"/opt/ti/ccsv7/tools/compiler/ti-cgt-c2000_17.3.0.STS/bin/cl2000" -v28 -ml -mt --cla_support=cla1 --float_support=fpu32 --tmu_support=tmu0 --vcu_support=vcu2 --fp_mode=relaxed --include_path="/opt/ti/C2000Ware_1_00_00_00_Software/device_support/f2837xd/common/include" --include_path="/opt/ti/C2000Ware_1_00_00_00_Software/device_support/f2837xd/headers/include" --include_path="/opt/ti/ccsv7/tools/compiler/ti-cgt-c2000_17.3.0.STS/include" --include_path="/opt/ti/C2000Ware_1_00_00_00_Software/libraries/dsp/SGEN/c28/include" --define=CPU1 -g --diag_warning=225 --display_error_number --preproc_with_compile --preproc_dependency="bsp/F2837xD_CodeStartBranch.d" --obj_directory="bsp"  "../bsp/F2837xD_CodeStartBranch.asm"
Finished building: ../bsp/F2837xD_CodeStartBranch.asm
 
Building file: ../bsp/F2837xD_CpuTimers.c
Invoking: C2000 Compiler
"/opt/ti/ccsv7/tools/compiler/ti-cgt-c2000_17.3.0.STS/bin/cl2000" -v28 -ml -mt --cla_support=cla1 --float_support=fpu32 --tmu_support=tmu0 --vcu_support=vcu2 --fp_mode=relaxed --include_path="/opt/ti/C2000Ware_1_00_00_00_Software/device_support/f2837xd/common/include" --include_path="/opt/ti/C2000Ware_1_00_00_00_Software/device_support/f2837xd/headers/include" --include_path="/opt/ti/ccsv7/tools/compiler/ti-cgt-c2000_17.3.0.STS/include" --include_path="/opt/ti/C2000Ware_1_00_00_00_Software/libraries/dsp/SGEN/c28/include" --define=CPU1 -g --diag_warning=225 --display_error_number --preproc_with_compile --preproc_dependency="bsp/F2837xD_CpuTimers.d" --obj_directory="bsp"  "../bsp/F2837xD_CpuTimers.c"
Finished building: ../bsp/F2837xD_CpuTimers.c
 
Building file: ../bsp/F2837xD_DefaultISR.c
Invoking: C2000 Compiler
"/opt/ti/ccsv7/tools/compiler/ti-cgt-c2000_17.3.0.STS/bin/cl2000" -v28 -ml -mt --cla_support=cla1 --float_support=fpu32 --tmu_support=tmu0 --vcu_support=vcu2 --fp_mode=relaxed --include_path="/opt/ti/C2000Ware_1_00_00_00_Software/device_support/f2837xd/common/include" --include_path="/opt/ti/C2000Ware_1_00_00_00_Software/device_support/f2837xd/headers/include" --include_path="/opt/ti/ccsv7/tools/compiler/ti-cgt-c2000_17.3.0.STS/include" --include_path="/opt/ti/C2000Ware_1_00_00_00_Software/libraries/dsp/SGEN/c28/include" --define=CPU1 -g --diag_warning=225 --display_error_number --preproc_with_compile --preproc_dependency="bsp/F2837xD_DefaultISR.d" --obj_directory="bsp"  "../bsp/F2837xD_DefaultISR.c"
Finished building: ../bsp/F2837xD_DefaultISR.c
 
Building file: ../bsp/F2837xD_GlobalVariableDefs.c
Invoking: C2000 Compiler
"/opt/ti/ccsv7/tools/compiler/ti-cgt-c2000_17.3.0.STS/bin/cl2000" -v28 -ml -mt --cla_support=cla1 --float_support=fpu32 --tmu_support=tmu0 --vcu_support=vcu2 --fp_mode=relaxed --include_path="/opt/ti/C2000Ware_1_00_00_00_Software/device_support/f2837xd/common/include" --include_path="/opt/ti/C2000Ware_1_00_00_00_Software/device_support/f2837xd/headers/include" --include_path="/opt/ti/ccsv7/tools/compiler/ti-cgt-c2000_17.3.0.STS/include" --include_path="/opt/ti/C2000Ware_1_00_00_00_Software/libraries/dsp/SGEN/c28/include" --define=CPU1 -g --diag_warning=225 --display_error_number --preproc_with_compile --preproc_dependency="bsp/F2837xD_GlobalVariableDefs.d" --obj_directory="bsp"  "../bsp/F2837xD_GlobalVariableDefs.c"
Finished building: ../bsp/F2837xD_GlobalVariableDefs.c
 
Building file: ../bsp/F2837xD_Gpio.c
Invoking: C2000 Compiler
"/opt/ti/ccsv7/tools/compiler/ti-cgt-c2000_17.3.0.STS/bin/cl2000" -v28 -ml -mt --cla_support=cla1 --float_support=fpu32 --tmu_support=tmu0 --vcu_support=vcu2 --fp_mode=relaxed --include_path="/opt/ti/C2000Ware_1_00_00_00_Software/device_support/f2837xd/common/include" --include_path="/opt/ti/C2000Ware_1_00_00_00_Software/device_support/f2837xd/headers/include" --include_path="/opt/ti/ccsv7/tools/compiler/ti-cgt-c2000_17.3.0.STS/include" --include_path="/opt/ti/C2000Ware_1_00_00_00_Software/libraries/dsp/SGEN/c28/include" --define=CPU1 -g --diag_warning=225 --display_error_number --preproc_with_compile --preproc_dependency="bsp/F2837xD_Gpio.d" --obj_directory="bsp"  "../bsp/F2837xD_Gpio.c"
Finished building: ../bsp/F2837xD_Gpio.c
 
Building file: ../bsp/F2837xD_PieCtrl.c
Invoking: C2000 Compiler
"/opt/ti/ccsv7/tools/compiler/ti-cgt-c2000_17.3.0.STS/bin/cl2000" -v28 -ml -mt --cla_support=cla1 --float_support=fpu32 --tmu_support=tmu0 --vcu_support=vcu2 --fp_mode=relaxed --include_path="/opt/ti/C2000Ware_1_00_00_00_Software/device_support/f2837xd/common/include" --include_path="/opt/ti/C2000Ware_1_00_00_00_Software/device_support/f2837xd/headers/include" --include_path="/opt/ti/ccsv7/tools/compiler/ti-cgt-c2000_17.3.0.STS/include" --include_path="/opt/ti/C2000Ware_1_00_00_00_Software/libraries/dsp/SGEN/c28/include" --define=CPU1 -g --diag_warning=225 --display_error_number --preproc_with_compile --preproc_dependency="bsp/F2837xD_PieCtrl.d" --obj_directory="bsp"  "../bsp/F2837xD_PieCtrl.c"
Finished building: ../bsp/F2837xD_PieCtrl.c
 
Building file: ../bsp/F2837xD_PieVect.c
Invoking: C2000 Compiler
"/opt/ti/ccsv7/tools/compiler/ti-cgt-c2000_17.3.0.STS/bin/cl2000" -v28 -ml -mt --cla_support=cla1 --float_support=fpu32 --tmu_support=tmu0 --vcu_support=vcu2 --fp_mode=relaxed --include_path="/opt/ti/C2000Ware_1_00_00_00_Software/device_support/f2837xd/common/include" --include_path="/opt/ti/C2000Ware_1_00_00_00_Software/device_support/f2837xd/headers/include" --include_path="/opt/ti/ccsv7/tools/compiler/ti-cgt-c2000_17.3.0.STS/include" --include_path="/opt/ti/C2000Ware_1_00_00_00_Software/libraries/dsp/SGEN/c28/include" --define=CPU1 -g --diag_warning=225 --display_error_number --preproc_with_compile --preproc_dependency="bsp/F2837xD_PieVect.d" --obj_directory="bsp"  "../bsp/F2837xD_PieVect.c"
Finished building: ../bsp/F2837xD_PieVect.c
 
Building file: ../bsp/F2837xD_Sci.c
Invoking: C2000 Compiler
"/opt/ti/ccsv7/tools/compiler/ti-cgt-c2000_17.3.0.STS/bin/cl2000" -v28 -ml -mt --cla_support=cla1 --float_support=fpu32 --tmu_support=tmu0 --vcu_support=vcu2 --fp_mode=relaxed --include_path="/opt/ti/C2000Ware_1_00_00_00_Software/device_support/f2837xd/common/include" --include_path="/opt/ti/C2000Ware_1_00_00_00_Software/device_support/f2837xd/headers/include" --include_path="/opt/ti/ccsv7/tools/compiler/ti-cgt-c2000_17.3.0.STS/include" --include_path="/opt/ti/C2000Ware_1_00_00_00_Software/libraries/dsp/SGEN/c28/include" --define=CPU1 -g --diag_warning=225 --display_error_number --preproc_with_compile --preproc_dependency="bsp/F2837xD_Sci.d" --obj_directory="bsp"  "../bsp/F2837xD_Sci.c"
Finished building: ../bsp/F2837xD_Sci.c
 
Building file: ../bsp/F2837xD_SysCtrl.c
Invoking: C2000 Compiler
"/opt/ti/ccsv7/tools/compiler/ti-cgt-c2000_17.3.0.STS/bin/cl2000" -v28 -ml -mt --cla_support=cla1 --float_support=fpu32 --tmu_support=tmu0 --vcu_support=vcu2 --fp_mode=relaxed --include_path="/opt/ti/C2000Ware_1_00_00_00_Software/device_support/f2837xd/common/include" --include_path="/opt/ti/C2000Ware_1_00_00_00_Software/device_support/f2837xd/headers/include" --include_path="/opt/ti/ccsv7/tools/compiler/ti-cgt-c2000_17.3.0.STS/include" --include_path="/opt/ti/C2000Ware_1_00_00_00_Software/libraries/dsp/SGEN/c28/include" --define=CPU1 -g --diag_warning=225 --display_error_number --preproc_with_compile --preproc_dependency="bsp/F2837xD_SysCtrl.d" --obj_directory="bsp"  "../bsp/F2837xD_SysCtrl.c"
Finished building: ../bsp/F2837xD_SysCtrl.c
 
Building file: ../bsp/F2837xD_usDelay.asm
Invoking: C2000 Compiler
"/opt/ti/ccsv7/tools/compiler/ti-cgt-c2000_17.3.0.STS/bin/cl2000" -v28 -ml -mt --cla_support=cla1 --float_support=fpu32 --tmu_support=tmu0 --vcu_support=vcu2 --fp_mode=relaxed --include_path="/opt/ti/C2000Ware_1_00_00_00_Software/device_support/f2837xd/common/include" --include_path="/opt/ti/C2000Ware_1_00_00_00_Software/device_support/f2837xd/headers/include" --include_path="/opt/ti/ccsv7/tools/compiler/ti-cgt-c2000_17.3.0.STS/include" --include_path="/opt/ti/C2000Ware_1_00_00_00_Software/libraries/dsp/SGEN/c28/include" --define=CPU1 -g --diag_warning=225 --display_error_number --preproc_with_compile --preproc_dependency="bsp/F2837xD_usDelay.d" --obj_directory="bsp"  "../bsp/F2837xD_usDelay.asm"
Finished building: ../bsp/F2837xD_usDelay.asm
 
Building target: md_dac_sine_sci_cfgable.out
Invoking: C2000 Linker
"/opt/ti/ccsv7/tools/compiler/ti-cgt-c2000_17.3.0.STS/bin/cl2000" -v28 -ml -mt --cla_support=cla1 --float_support=fpu32 --tmu_support=tmu0 --vcu_support=vcu2 --fp_mode=relaxed --define=CPU1 -g --diag_warning=225 --display_error_number -z -m"md_dac_sine_sci_cfgable.map" --stack_size=0x100 --warn_sections -i"/opt/ti/ccsv7/tools/compiler/ti-cgt-c2000_17.3.0.STS/lib" -i"/opt/ti/C2000Ware_1_00_00_00_Software/libraries/dsp/SGEN/c28/lib" -i"/opt/ti/ccsv7/tools/compiler/ti-cgt-c2000_17.3.0.STS/include" -i"/opt/ti/C2000Ware_1_00_00_00_Software/device_support/f2837xd/common/cmd" -i"/opt/ti/C2000Ware_1_00_00_00_Software/device_support/f2837xd/headers/cmd" --reread_libs --display_error_number --xml_link_info="md_dac_sine_sci_cfgable_linkInfo.xml" --rom_model -o "md_dac_sine_sci_cfgable.out" "./SINTB360.obj" "./buffdac_sine_cpu01.obj" "./sghp1c.obj" "./sgti1c.obj" "./bsp/F2837xD_Adc.obj" "./bsp/F2837xD_CodeStartBranch.obj" "./bsp/F2837xD_CpuTimers.obj" "./bsp/F2837xD_DefaultISR.obj" "./bsp/F2837xD_GlobalVariableDefs.obj" "./bsp/F2837xD_Gpio.obj" "./bsp/F2837xD_PieCtrl.obj" "./bsp/F2837xD_PieVect.obj" "./bsp/F2837xD_Sci.obj" "./bsp/F2837xD_SysCtrl.obj" "./bsp/F2837xD_usDelay.obj"  -lrts2800_fpu32.lib -lC28x_SGEN_Lib_fpu32.lib -l2837xD_RAM_SGEN_lnk_cpu1.cmd -lF2837xD_Headers_nonBIOS_cpu1.cmd -l2837xD_RAM_lnk_cpu1.cmd -lF2837xD_Headers_nonBIOS_cpu1.cmd -llibc.a 
<Linking>
"/opt/ti/C2000Ware_1_00_00_00_Software/device_support/f2837xd/common/cmd/2837xD_RAM_lnk_cpu1.cmd", line 7: error #10263: 
   BEGIN memory range has already been specified
"/opt/ti/C2000Ware_1_00_00_00_Software/device_support/f2837xd/common/cmd/2837xD_RAM_lnk_cpu1.cmd", line 7: error #10264: 

   BEGIN memory range overlaps existing memory range BEGIN
>> Compilation failure
makefile:159: recipe for target 'md_dac_sine_sci_cfgable.out' failed
"/opt/ti/C2000Ware_1_00_00_00_Software/device_support/f2837xd/common/cmd/2837xD_RAM_lnk_cpu1.cmd", line 8: error #10263: 
   RAMM0 memory range has already been specified
"/opt/ti/C2000Ware_1_00_00_00_Software/device_support/f2837xd/common/cmd/2837xD_RAM_lnk_cpu1.cmd", line 8: error #10264: 
   RAMM0 memory range overlaps existing memory range RAMM0
"/opt/ti/C2000Ware_1_00_00_00_Software/device_support/f2837xd/common/cmd/2837xD_RAM_lnk_cpu1.cmd", line 9: error #10263: 
   RAMD0 memory range has already been specified
"/opt/ti/C2000Ware_1_00_00_00_Software/device_support/f2837xd/common/cmd/2837xD_RAM_lnk_cpu1.cmd", line 9: error #10264: 
   RAMD0 memory range overlaps existing memory range RAMD0
"/opt/ti/C2000Ware_1_00_00_00_Software/device_support/f2837xd/common/cmd/2837xD_RAM_lnk_cpu1.cmd", line 10: error #10263: 
   RAMLS0 memory range has already been specified
"/opt/ti/C2000Ware_1_00_00_00_Software/device_support/f2837xd/common/cmd/2837xD_RAM_lnk_cpu1.cmd", line 10: error #10264: 
   RAMLS0 memory range overlaps existing memory range RAMLS0
"/opt/ti/C2000Ware_1_00_00_00_Software/device_support/f2837xd/common/cmd/2837xD_RAM_lnk_cpu1.cmd", line 11: error #10263: 
   RAMLS1 memory range has already been specified
"/opt/ti/C2000Ware_1_00_00_00_Software/device_support/f2837xd/common/cmd/2837xD_RAM_lnk_cpu1.cmd", line 11: error #10264: 
   RAMLS1 memory range overlaps existing memory range RAMLS1
"/opt/ti/C2000Ware_1_00_00_00_Software/device_support/f2837xd/common/cmd/2837xD_RAM_lnk_cpu1.cmd", line 12: error #10263: 
   RAMLS2 memory range has already been specified
"/opt/ti/C2000Ware_1_00_00_00_Software/device_support/f2837xd/common/cmd/2837xD_RAM_lnk_cpu1.cmd", line 12: error #10264: 
   RAMLS2 memory range overlaps existing memory range RAMLS2
"/opt/ti/C2000Ware_1_00_00_00_Software/device_support/f2837xd/common/cmd/2837xD_RAM_lnk_cpu1.cmd", line 13: error #10263: 
   RAMLS3 memory range has already been specified
"/opt/ti/C2000Ware_1_00_00_00_Software/device_support/f2837xd/common/cmd/2837xD_RAM_lnk_cpu1.cmd", line 13: error #10264: 
   RAMLS3 memory range overlaps existing memory range RAMLS3
"/opt/ti/C2000Ware_1_00_00_00_Software/device_support/f2837xd/common/cmd/2837xD_RAM_lnk_cpu1.cmd", line 14: error #10263: 
   RAMLS4 memory range has already been specified
"/opt/ti/C2000Ware_1_00_00_00_Software/device_support/f2837xd/common/cmd/2837xD_RAM_lnk_cpu1.cmd", line 14: error #10264: 
   RAMLS4 memory range overlaps existing memory range RAMLS4
"/opt/ti/C2000Ware_1_00_00_00_Software/device_support/f2837xd/common/cmd/2837xD_RAM_lnk_cpu1.cmd", line 15: error #10263: 
   RESET memory range has already been specified
"/opt/ti/C2000Ware_1_00_00_00_Software/device_support/f2837xd/common/cmd/2837xD_RAM_lnk_cpu1.cmd", line 15: error #10264: 
   RESET memory range overlaps existing memory range RESET
"/opt/ti/C2000Ware_1_00_00_00_Software/device_support/f2837xd/common/cmd/2837xD_RAM_lnk_cpu1.cmd", line 19: error #10263: 
   BOOT_RSVD memory range has already been specified
"/opt/ti/C2000Ware_1_00_00_00_Software/device_support/f2837xd/common/cmd/2837xD_RAM_lnk_cpu1.cmd", line 19: error #10264: 
   BOOT_RSVD memory range overlaps existing memory range BOOT_RSVD
"/opt/ti/C2000Ware_1_00_00_00_Software/device_support/f2837xd/common/cmd/2837xD_RAM_lnk_cpu1.cmd", line 20: error #10263: 
   RAMM1 memory range has already been specified
"/opt/ti/C2000Ware_1_00_00_00_Software/device_support/f2837xd/common/cmd/2837xD_RAM_lnk_cpu1.cmd", line 20: error #10264: 
   RAMM1 memory range overlaps existing memory range RAMM1
"/opt/ti/C2000Ware_1_00_00_00_Software/device_support/f2837xd/common/cmd/2837xD_RAM_lnk_cpu1.cmd", line 21: error #10263: 
   RAMD1 memory range has already been specified
"/opt/ti/C2000Ware_1_00_00_00_Software/device_support/f2837xd/common/cmd/2837xD_RAM_lnk_cpu1.cmd", line 21: error #10264: 
   RAMD1 memory range overlaps existing memory range RAMD1
"/opt/ti/C2000Ware_1_00_00_00_Software/device_support/f2837xd/common/cmd/2837xD_RAM_lnk_cpu1.cmd", line 23: error #10263: 
   RAMLS5 memory range has already been specified
"/opt/ti/C2000Ware_1_00_00_00_Software/device_support/f2837xd/common/cmd/2837xD_RAM_lnk_cpu1.cmd", line 23: error #10264: 
   RAMLS5 memory range overlaps existing memory range RAMLS5
"/opt/ti/C2000Ware_1_00_00_00_Software/device_support/f2837xd/common/cmd/2837xD_RAM_lnk_cpu1.cmd", line 25: error #10263: 
   RAMGS0 memory range has already been specified
"/opt/ti/C2000Ware_1_00_00_00_Software/device_support/f2837xd/common/cmd/2837xD_RAM_lnk_cpu1.cmd", line 25: error #10264: 
   RAMGS0 memory range overlaps existing memory range RAMGS0
"/opt/ti/C2000Ware_1_00_00_00_Software/device_support/f2837xd/common/cmd/2837xD_RAM_lnk_cpu1.cmd", line 26: error #10263: 
   RAMGS1 memory range has already been specified
"/opt/ti/C2000Ware_1_00_00_00_Software/device_support/f2837xd/common/cmd/2837xD_RAM_lnk_cpu1.cmd", line 26: error #10264: 
   RAMGS1 memory range overlaps existing memory range RAMGS1
"/opt/ti/C2000Ware_1_00_00_00_Software/device_support/f2837xd/common/cmd/2837xD_RAM_lnk_cpu1.cmd", line 27: error #10263: 
   RAMGS2 memory range has already been specified
"/opt/ti/C2000Ware_1_00_00_00_Software/device_support/f2837xd/common/cmd/2837xD_RAM_lnk_cpu1.cmd", line 27: error #10264: 
   RAMGS2 memory range overlaps existing memory range RAMGS2
"/opt/ti/C2000Ware_1_00_00_00_Software/device_support/f2837xd/common/cmd/2837xD_RAM_lnk_cpu1.cmd", line 28: error #10263: 
   RAMGS3 memory range has already been specified
"/opt/ti/C2000Ware_1_00_00_00_Software/device_support/f2837xd/common/cmd/2837xD_RAM_lnk_cpu1.cmd", line 28: error #10264: 
   RAMGS3 memory range overlaps existing memory range RAMGS3
"/opt/ti/C2000Ware_1_00_00_00_Software/device_support/f2837xd/common/cmd/2837xD_RAM_lnk_cpu1.cmd", line 29: error #10263: 
   RAMGS4 memory range has already been specified
"/opt/ti/C2000Ware_1_00_00_00_Software/device_support/f2837xd/common/cmd/2837xD_RAM_lnk_cpu1.cmd", line 29: error #10264: 
   RAMGS4 memory range overlaps existing memory range RAMGS4
"/opt/ti/C2000Ware_1_00_00_00_Software/device_support/f2837xd/common/cmd/2837xD_RAM_lnk_cpu1.cmd", line 30: error #10263: 
   RAMGS5 memory range has already been specified
"/opt/ti/C2000Ware_1_00_00_00_Software/device_support/f2837xd/common/cmd/2837xD_RAM_lnk_cpu1.cmd", line 30: error #10264: 
   RAMGS5 memory range overlaps existing memory range RAMGS5
"/opt/ti/C2000Ware_1_00_00_00_Software/device_support/f2837xd/common/cmd/2837xD_RAM_lnk_cpu1.cmd", line 31: error #10263: 
   RAMGS6 memory range has already been specified
"/opt/ti/C2000Ware_1_00_00_00_Software/device_support/f2837xd/common/cmd/2837xD_RAM_lnk_cpu1.cmd", line 31: error #10264: 
   RAMGS6 memory range overlaps existing memory range RAMGS6
"/opt/ti/C2000Ware_1_00_00_00_Software/device_support/f2837xd/common/cmd/2837xD_RAM_lnk_cpu1.cmd", line 32: error #10263: 
   RAMGS7 memory range has already been specified
"/opt/ti/C2000Ware_1_00_00_00_Software/device_support/f2837xd/common/cmd/2837xD_RAM_lnk_cpu1.cmd", line 32: error #10264: 
   RAMGS7 memory range overlaps existing memory range RAMGS7
"/opt/ti/C2000Ware_1_00_00_00_Software/device_support/f2837xd/common/cmd/2837xD_RAM_lnk_cpu1.cmd", line 33: error #10263: 
   RAMGS8 memory range has already been specified
"/opt/ti/C2000Ware_1_00_00_00_Software/device_support/f2837xd/common/cmd/2837xD_RAM_lnk_cpu1.cmd", line 33: error #10264: 
   RAMGS8 memory range overlaps existing memory range RAMGS8
"/opt/ti/C2000Ware_1_00_00_00_Software/device_support/f2837xd/common/cmd/2837xD_RAM_lnk_cpu1.cmd", line 34: error #10263: 
   RAMGS9 memory range has already been specified
"/opt/ti/C2000Ware_1_00_00_00_Software/device_support/f2837xd/common/cmd/2837xD_RAM_lnk_cpu1.cmd", line 34: error #10264: 
   RAMGS9 memory range overlaps existing memory range RAMGS9
"/opt/ti/C2000Ware_1_00_00_00_Software/device_support/f2837xd/common/cmd/2837xD_RAM_lnk_cpu1.cmd", line 35: error #10263: 
   RAMGS10 memory range has already been specified
"/opt/ti/C2000Ware_1_00_00_00_Software/device_support/f2837xd/common/cmd/2837xD_RAM_lnk_cpu1.cmd", line 35: error #10264: 
   RAMGS10 memory range overlaps existing memory range RAMGS10
"/opt/ti/C2000Ware_1_00_00_00_Software/device_support/f2837xd/common/cmd/2837xD_RAM_lnk_cpu1.cmd", line 36: error #10263: 
   RAMGS11 memory range has already been specified
"/opt/ti/C2000Ware_1_00_00_00_Software/device_support/f2837xd/common/cmd/2837xD_RAM_lnk_cpu1.cmd", line 36: error #10264: 
   RAMGS11 memory range overlaps existing memory range RAMGS11
"/opt/ti/C2000Ware_1_00_00_00_Software/device_support/f2837xd/common/cmd/2837xD_RAM_lnk_cpu1.cmd", line 37: error #10263: 
   RAMGS12 memory range has already been specified
"/opt/ti/C2000Ware_1_00_00_00_Software/device_support/f2837xd/common/cmd/2837xD_RAM_lnk_cpu1.cmd", line 37: error #10264: 
   RAMGS12 memory range overlaps existing memory range RAMGS12
"/opt/ti/C2000Ware_1_00_00_00_Software/device_support/f2837xd/common/cmd/2837xD_RAM_lnk_cpu1.cmd", line 38: error #10263: 
   RAMGS13 memory range has already been specified
"/opt/ti/C2000Ware_1_00_00_00_Software/device_support/f2837xd/common/cmd/2837xD_RAM_lnk_cpu1.cmd", line 38: error #10264: 
   RAMGS13 memory range overlaps existing memory range RAMGS13
"/opt/ti/C2000Ware_1_00_00_00_Software/device_support/f2837xd/common/cmd/2837xD_RAM_lnk_cpu1.cmd", line 39: error #10263: 
   RAMGS14 memory range has already been specified
"/opt/ti/C2000Ware_1_00_00_00_Software/device_support/f2837xd/common/cmd/2837xD_RAM_lnk_cpu1.cmd", line 39: error #10264: 
   RAMGS14 memory range overlaps existing memory range RAMGS14
"/opt/ti/C2000Ware_1_00_00_00_Software/device_support/f2837xd/common/cmd/2837xD_RAM_lnk_cpu1.cmd", line 40: error #10263: 
   RAMGS15 memory range has already been specified
"/opt/ti/C2000Ware_1_00_00_00_Software/device_support/f2837xd/common/cmd/2837xD_RAM_lnk_cpu1.cmd", line 40: error #10264: 
   RAMGS15 memory range overlaps existing memory range RAMGS15
"/opt/ti/C2000Ware_1_00_00_00_Software/device_support/f2837xd/common/cmd/2837xD_RAM_lnk_cpu1.cmd", line 42: error #10263: 
   CPU2TOCPU1RAM memory range has already been specified
"/opt/ti/C2000Ware_1_00_00_00_Software/device_support/f2837xd/common/cmd/2837xD_RAM_lnk_cpu1.cmd", line 42: error #10264: 
   CPU2TOCPU1RAM memory range overlaps existing memory range CPU2TOCPU1RAM
"/opt/ti/C2000Ware_1_00_00_00_Software/device_support/f2837xd/common/cmd/2837xD_RAM_lnk_cpu1.cmd", line 43: error #10263: 
   CPU1TOCPU2RAM memory range has already been specified
"/opt/ti/C2000Ware_1_00_00_00_Software/device_support/f2837xd/common/cmd/2837xD_RAM_lnk_cpu1.cmd", line 43: error #10264: 
   CPU1TOCPU2RAM memory range overlaps existing memory range CPU1TOCPU2RAM
"/opt/ti/C2000Ware_1_00_00_00_Software/device_support/f2837xd/headers/cmd/F2837xD_Headers_nonBIOS_cpu1.cmd", line 8: error #10263: 
   ADCA_RESULT memory range has already been specified
"/opt/ti/C2000Ware_1_00_00_00_Software/device_support/f2837xd/headers/cmd/F2837xD_Headers_nonBIOS_cpu1.cmd", line 8: error #10264: 
   ADCA_RESULT memory range overlaps existing memory range ADCA_RESULT
"/opt/ti/C2000Ware_1_00_00_00_Software/device_support/f2837xd/headers/cmd/F2837xD_Headers_nonBIOS_cpu1.cmd", line 9: error #10263: 
   ADCB_RESULT memory range has already been specified
"/opt/ti/C2000Ware_1_00_00_00_Software/device_support/f2837xd/headers/cmd/F2837xD_Headers_nonBIOS_cpu1.cmd", line 9: error #10264: 
   ADCB_RESULT memory range overlaps existing memory range ADCB_RESULT
"/opt/ti/C2000Ware_1_00_00_00_Software/device_support/f2837xd/headers/cmd/F2837xD_Headers_nonBIOS_cpu1.cmd", line 10: error #10263: 
   ADCC_RESULT memory range has already been specified
"/opt/ti/C2000Ware_1_00_00_00_Software/device_support/f2837xd/headers/cmd/F2837xD_Headers_nonBIOS_cpu1.cmd", line 10: error #10264: 
   ADCC_RESULT memory range overlaps existing memory range ADCC_RESULT
"/opt/ti/C2000Ware_1_00_00_00_Software/device_support/f2837xd/headers/cmd/F2837xD_Headers_nonBIOS_cpu1.cmd", line 11: error #10263: 
   ADCD_RESULT memory range has already been specified
"/opt/ti/C2000Ware_1_00_00_00_Software/device_support/f2837xd/headers/cmd/F2837xD_Headers_nonBIOS_cpu1.cmd", line 11: error #10264: 
   ADCD_RESULT memory range overlaps existing memory range ADCD_RESULT
"/opt/ti/C2000Ware_1_00_00_00_Software/device_support/f2837xd/headers/cmd/F2837xD_Headers_nonBIOS_cpu1.cmd", line 13: error #10263: 
   ADCA memory range has already been specified
"/opt/ti/C2000Ware_1_00_00_00_Software/device_support/f2837xd/headers/cmd/F2837xD_Headers_nonBIOS_cpu1.cmd", line 13: error #10264: 
   ADCA memory range overlaps existing memory range ADCA
"/opt/ti/C2000Ware_1_00_00_00_Software/device_support/f2837xd/headers/cmd/F2837xD_Headers_nonBIOS_cpu1.cmd", line 14: error #10263: 
   ADCB memory range has already been specified
"/opt/ti/C2000Ware_1_00_00_00_Software/device_support/f2837xd/headers/cmd/F2837xD_Headers_nonBIOS_cpu1.cmd", line 14: error #10264: 
   ADCB memory range overlaps existing memory range ADCB
"/opt/ti/C2000Ware_1_00_00_00_Software/device_support/f2837xd/headers/cmd/F2837xD_Headers_nonBIOS_cpu1.cmd", line 15: error #10263: 
   ADCC memory range has already been specified
"/opt/ti/C2000Ware_1_00_00_00_Software/device_support/f2837xd/headers/cmd/F2837xD_Headers_nonBIOS_cpu1.cmd", line 15: error #10264: 
   ADCC memory range overlaps existing memory range ADCC
"/opt/ti/C2000Ware_1_00_00_00_Software/device_support/f2837xd/headers/cmd/F2837xD_Headers_nonBIOS_cpu1.cmd", line 16: error #10263: 
   ADCD memory range has already been specified
"/opt/ti/C2000Ware_1_00_00_00_Software/device_support/f2837xd/headers/cmd/F2837xD_Headers_nonBIOS_cpu1.cmd", line 16: error #10264: 
   ADCD memory range overlaps existing memory range ADCD
"/opt/ti/C2000Ware_1_00_00_00_Software/device_support/f2837xd/headers/cmd/F2837xD_Headers_nonBIOS_cpu1.cmd", line 18: error #10263: 
   ANALOG_SUBSYS memory range has already been specified
"/opt/ti/C2000Ware_1_00_00_00_Software/device_support/f2837xd/headers/cmd/F2837xD_Headers_nonBIOS_cpu1.cmd", line 18: error #10264: 
   ANALOG_SUBSYS memory range overlaps existing memory range ANALOG_SUBSYS
"/opt/ti/C2000Ware_1_00_00_00_Software/device_support/f2837xd/headers/cmd/F2837xD_Headers_nonBIOS_cpu1.cmd", line 20: error #10263: 
   CANA memory range has already been specified
"/opt/ti/C2000Ware_1_00_00_00_Software/device_support/f2837xd/headers/cmd/F2837xD_Headers_nonBIOS_cpu1.cmd", line 20: error #10264: 
   CANA memory range overlaps existing memory range CANA
"/opt/ti/C2000Ware_1_00_00_00_Software/device_support/f2837xd/headers/cmd/F2837xD_Headers_nonBIOS_cpu1.cmd", line 21: error #10263: 
   CANB memory range has already been specified
"/opt/ti/C2000Ware_1_00_00_00_Software/device_support/f2837xd/headers/cmd/F2837xD_Headers_nonBIOS_cpu1.cmd", line 21: error #10264: 
   CANB memory range overlaps existing memory range CANB
"/opt/ti/C2000Ware_1_00_00_00_Software/device_support/f2837xd/headers/cmd/F2837xD_Headers_nonBIOS_cpu1.cmd", line 23: error #10263: 
   CLA1 memory range has already been specified
"/opt/ti/C2000Ware_1_00_00_00_Software/device_support/f2837xd/headers/cmd/F2837xD_Headers_nonBIOS_cpu1.cmd", line 23: error #10264: 
   CLA1 memory range overlaps existing memory range CLA1
"/opt/ti/C2000Ware_1_00_00_00_Software/device_support/f2837xd/headers/cmd/F2837xD_Headers_nonBIOS_cpu1.cmd", line 25: error #10263: 
   CLB_XBAR memory range has already been specified
"/opt/ti/C2000Ware_1_00_00_00_Software/device_support/f2837xd/headers/cmd/F2837xD_Headers_nonBIOS_cpu1.cmd", line 25: error #10264: 
   CLB_XBAR memory range overlaps existing memory range CLB_XBAR
"/opt/ti/C2000Ware_1_00_00_00_Software/device_support/f2837xd/headers/cmd/F2837xD_Headers_nonBIOS_cpu1.cmd", line 27: error #10263: 
   CMPSS1 memory range has already been specified
"/opt/ti/C2000Ware_1_00_00_00_Software/device_support/f2837xd/headers/cmd/F2837xD_Headers_nonBIOS_cpu1.cmd", line 27: error #10264: 
   CMPSS1 memory range overlaps existing memory range CMPSS1
"/opt/ti/C2000Ware_1_00_00_00_Software/device_support/f2837xd/headers/cmd/F2837xD_Headers_nonBIOS_cpu1.cmd", line 28: error #10263: 
   CMPSS2 memory range has already been specified
"/opt/ti/C2000Ware_1_00_00_00_Software/device_support/f2837xd/headers/cmd/F2837xD_Headers_nonBIOS_cpu1.cmd", line 28: error #10264: 
   CMPSS2 memory range overlaps existing memory range CMPSS2
"/opt/ti/C2000Ware_1_00_00_00_Software/device_support/f2837xd/headers/cmd/F2837xD_Headers_nonBIOS_cpu1.cmd", line 29: error #10263: 
   CMPSS3 memory range has already been specified
"/opt/ti/C2000Ware_1_00_00_00_Software/device_support/f2837xd/headers/cmd/F2837xD_Headers_nonBIOS_cpu1.cmd", line 29: error #10264: 
   CMPSS3 memory range overlaps existing memory range CMPSS3
"/opt/ti/C2000Ware_1_00_00_00_Software/device_support/f2837xd/headers/cmd/F2837xD_Headers_nonBIOS_cpu1.cmd", line 30: error #10263: 
   CMPSS4 memory range has already been specified
"/opt/ti/C2000Ware_1_00_00_00_Software/device_support/f2837xd/headers/cmd/F2837xD_Headers_nonBIOS_cpu1.cmd", line 30: error #10264: 
   CMPSS4 memory range overlaps existing memory range CMPSS4
"/opt/ti/C2000Ware_1_00_00_00_Software/device_support/f2837xd/headers/cmd/F2837xD_Headers_nonBIOS_cpu1.cmd", line 31: error #10263: 
   CMPSS5 memory range has already been specified
"/opt/ti/C2000Ware_1_00_00_00_Software/device_support/f2837xd/headers/cmd/F2837xD_Headers_nonBIOS_cpu1.cmd", line 31: error #10264: 
   CMPSS5 memory range overlaps existing memory range CMPSS5
"/opt/ti/C2000Ware_1_00_00_00_Software/device_support/f2837xd/headers/cmd/F2837xD_Headers_nonBIOS_cpu1.cmd", line 32: error #10263: 
   CMPSS6 memory range has already been specified
"/opt/ti/C2000Ware_1_00_00_00_Software/device_support/f2837xd/headers/cmd/F2837xD_Headers_nonBIOS_cpu1.cmd", line 32: error #10264: 
   CMPSS6 memory range overlaps existing memory range CMPSS6
"/opt/ti/C2000Ware_1_00_00_00_Software/device_support/f2837xd/headers/cmd/F2837xD_Headers_nonBIOS_cpu1.cmd", line 33: error #10263: 
   CMPSS7 memory range has already been specified
fatal error #99900: error limit reached; 100 errors detected
gmake: *** [md_dac_sine_sci_cfgable.out] Error 1
gmake: Target 'all' not remade because of errors.

**** Build Finished ****
